<?xml version="1.0" encoding="UTF-8"?>
<!-- Generated by org.testng.reporters.JUnitReportReporter -->
<testsuite hostname="DESKTOP-E90QC01" failures="0" tests="1" name="cucumber.TestNGTestRunner" time="0.131" errors="1" timestamp="2024-10-02T10:54:40 IST" skipped="0">
  <testcase classname="cucumber.TestNGTestRunner" name="runScenario" time="0.131">
    <error type="java.lang.StackOverflowError">
      <![CDATA[java.lang.StackOverflowError
at sridharpolu.stepDefinition.StepDefinitionImpl.launchApplication(StepDefinitionImpl.java:30)
at sridharpolu.stepDefinition.StepDefinitionImpl.launchApplication(StepDefinitionImpl.java:30)
at sridharpolu.stepDefinition.StepDefinitionImpl.launchApplication(StepDefinitionImpl.java:30)
at sridharpolu.stepDefinition.StepDefinitionImpl.launchApplication(StepDefinitionImpl.java:30)
at sridharpolu.stepDefinition.StepDefinitionImpl.launchApplication(StepDefinitionImpl.java:30)
at sridharpolu.stepDefinition.StepDefinitionImpl.launchApplication(StepDefinitionImpl.java:30)
at sridharpolu.stepDefinition.StepDefinitionImpl.launchApplication(StepDefinitionImpl.java:30)
at sridharpolu.stepDefinition.StepDefinitionImpl.launchApplication(StepDefinitionImpl.java:30)
at sridharpolu.stepDefinition.StepDefinitionImpl.launchApplication(StepDefinitionImpl.java:30)
at sridharpolu.stepDefinition.StepDefinitionImpl.launchApplication(StepDefinitionImpl.java:30)
at sridharpolu.stepDefinition.StepDefinitionImpl.launchApplication(StepDefinitionImpl.java:30)
at sridharpolu.stepDefinition.StepDefinitionImpl.launchApplication(StepDefinitionImpl.java:30)
at sridharpolu.stepDefinition.StepDefinitionImpl.launchApplication(StepDefinitionImpl.java:30)
at sridharpolu.stepDefinition.StepDefinitionImpl.launchApplication(StepDefinitionImpl.java:30)
at sridharpolu.stepDefinition.StepDefinitionImpl.launchApplication(StepDefinitionImpl.java:30)
at sridharpolu.stepDefinition.StepDefinitionImpl.launchApplication(StepDefinitionImpl.java:30)
at sridharpolu.stepDefinition.StepDefinitionImpl.launchApplication(StepDefinitionImpl.java:30)
at sridharpolu.stepDefinition.StepDefinitionImpl.launchApplication(StepDefinitionImpl.java:30)
at sridharpolu.stepDefinition.StepDefinitionImpl.launchApplication(StepDefinitionImpl.java:30)
at sridharpolu.stepDefinition.StepDefinitionImpl.launchApplication(StepDefinitionImpl.java:30)
at sridharpolu.stepDefinition.StepDefinitionImpl.launchApplication(StepDefinitionImpl.java:30)
at sridharpolu.stepDefinition.StepDefinitionImpl.launchApplication(StepDefinitionImpl.java:30)
at sridharpolu.stepDefinition.StepDefinitionImpl.launchApplication(StepDefinitionImpl.java:30)
at sridharpolu.stepDefinition.StepDefinitionImpl.launchApplication(StepDefinitionImpl.java:30)
at sridharpolu.stepDefinition.StepDefinitionImpl.launchApplication(StepDefinitionImpl.java:30)
at sridharpolu.stepDefinition.StepDefinitionImpl.launchApplication(StepDefinitionImpl.java:30)
at sridharpolu.stepDefinition.StepDefinitionImpl.launchApplication(StepDefinitionImpl.java:30)
at sridharpolu.stepDefinition.StepDefinitionImpl.launchApplication(StepDefinitionImpl.java:30)
at sridharpolu.stepDefinition.StepDefinitionImpl.launchApplication(StepDefinitionImpl.java:30)
at sridharpolu.stepDefinition.StepDefinitionImpl.launchApplication(StepDefinitionImpl.java:30)
at sridharpolu.stepDefinition.StepDefinitionImpl.launchApplication(StepDefinitionImpl.java:30)
at sridharpolu.stepDefinition.StepDefinitionImpl.launchApplication(StepDefinitionImpl.java:30)
at sridharpolu.stepDefinition.StepDefinitionImpl.launchApplication(StepDefinitionImpl.java:30)
at sridharpolu.stepDefinition.StepDefinitionImpl.launchApplication(StepDefinitionImpl.java:30)
at sridharpolu.stepDefinition.StepDefinitionImpl.launchApplication(StepDefinitionImpl.java:30)
at sridharpolu.stepDefinition.StepDefinitionImpl.launchApplication(StepDefinitionImpl.java:30)
at sridharpolu.stepDefinition.StepDefinitionImpl.launchApplication(StepDefinitionImpl.java:30)
at sridharpolu.stepDefinition.StepDefinitionImpl.launchApplication(StepDefinitionImpl.java:30)
at sridharpolu.stepDefinition.StepDefinitionImpl.launchApplication(StepDefinitionImpl.java:30)
at sridharpolu.stepDefinition.StepDefinitionImpl.launchApplication(StepDefinitionImpl.java:30)
at sridharpolu.stepDefinition.StepDefinitionImpl.launchApplication(StepDefinitionImpl.java:30)
at sridharpolu.stepDefinition.StepDefinitionImpl.launchApplication(StepDefinitionImpl.java:30)
at sridharpolu.stepDefinition.StepDefinitionImpl.launchApplication(StepDefinitionImpl.java:30)
at sridharpolu.stepDefinition.StepDefinitionImpl.launchApplication(StepDefinitionImpl.java:30)
at sridharpolu.stepDefinition.StepDefinitionImpl.launchApplication(StepDefinitionImpl.java:30)
at sridharpolu.stepDefinition.StepDefinitionImpl.launchApplication(StepDefinitionImpl.java:30)
at sridharpolu.stepDefinition.StepDefinitionImpl.launchApplication(StepDefinitionImpl.java:30)
at sridharpolu.stepDefinition.StepDefinitionImpl.launchApplication(StepDefinitionImpl.java:30)
at sridharpolu.stepDefinition.StepDefinitionImpl.launchApplication(StepDefinitionImpl.java:30)
at sridharpolu.stepDefinition.StepDefinitionImpl.launchApplication(StepDefinitionImpl.java:30)
at sridharpolu.stepDefinition.StepDefinitionImpl.launchApplication(StepDefinitionImpl.java:30)
at sridharpolu.stepDefinition.StepDefinitionImpl.launchApplication(StepDefinitionImpl.java:30)
at sridharpolu.stepDefinition.StepDefinitionImpl.launchApplication(StepDefinitionImpl.java:30)
at sridharpolu.stepDefinition.StepDefinitionImpl.launchApplication(StepDefinitionImpl.java:30)
at sridharpolu.stepDefinition.StepDefinitionImpl.launchApplication(StepDefinitionImpl.java:30)
at sridharpolu.stepDefinition.StepDefinitionImpl.launchApplication(StepDefinitionImpl.java:30)
at sridharpolu.stepDefinition.StepDefinitionImpl.launchApplication(StepDefinitionImpl.java:30)
at sridharpolu.stepDefinition.StepDefinitionImpl.launchApplication(StepDefinitionImpl.java:30)
at sridharpolu.stepDefinition.StepDefinitionImpl.launchApplication(StepDefinitionImpl.java:30)
at sridharpolu.stepDefinition.StepDefinitionImpl.launchApplication(StepDefinitionImpl.java:30)
at sridharpolu.stepDefinition.StepDefinitionImpl.launchApplication(StepDefinitionImpl.java:30)
at sridharpolu.stepDefinition.StepDefinitionImpl.launchApplication(StepDefinitionImpl.java:30)
at sridharpolu.stepDefinition.StepDefinitionImpl.launchApplication(StepDefinitionImpl.java:30)
at sridharpolu.stepDefinition.StepDefinitionImpl.launchApplication(StepDefinitionImpl.java:30)
at sridharpolu.stepDefinition.StepDefinitionImpl.launchApplication(StepDefinitionImpl.java:30)
at sridharpolu.stepDefinition.StepDefinitionImpl.launchApplication(StepDefinitionImpl.java:30)
at sridharpolu.stepDefinition.StepDefinitionImpl.launchApplication(StepDefinitionImpl.java:30)
at sridharpolu.stepDefinition.StepDefinitionImpl.launchApplication(StepDefinitionImpl.java:30)
at sridharpolu.stepDefinition.StepDefinitionImpl.launchApplication(StepDefinitionImpl.java:30)
at sridharpolu.stepDefinition.StepDefinitionImpl.launchApplication(StepDefinitionImpl.java:30)
at sridharpolu.stepDefinition.StepDefinitionImpl.launchApplication(StepDefinitionImpl.java:30)
at sridharpolu.stepDefinition.StepDefinitionImpl.launchApplication(StepDefinitionImpl.java:30)
at sridharpolu.stepDefinition.StepDefinitionImpl.launchApplication(StepDefinitionImpl.java:30)
at sridharpolu.stepDefinition.StepDefinitionImpl.launchApplication(StepDefinitionImpl.java:30)
at sridharpolu.stepDefinition.StepDefinitionImpl.launchApplication(StepDefinitionImpl.java:30)
at sridharpolu.stepDefinition.StepDefinitionImpl.launchApplication(StepDefinitionImpl.java:30)
at sridharpolu.stepDefinition.StepDefinitionImpl.launchApplication(StepDefinitionImpl.java:30)
at sridharpolu.stepDefinition.StepDefinitionImpl.launchApplication(StepDefinitionImpl.java:30)
at sridharpolu.stepDefinition.StepDefinitionImpl.launchApplication(StepDefinitionImpl.java:30)
at sridharpolu.stepDefinition.StepDefinitionImpl.launchApplication(StepDefinitionImpl.java:30)
at sridharpolu.stepDefinition.StepDefinitionImpl.launchApplication(StepDefinitionImpl.java:30)
at sridharpolu.stepDefinition.StepDefinitionImpl.launchApplication(StepDefinitionImpl.java:30)
at sridharpolu.stepDefinition.StepDefinitionImpl.launchApplication(StepDefinitionImpl.java:30)
at sridharpolu.stepDefinition.StepDefinitionImpl.launchApplication(StepDefinitionImpl.java:30)
at sridharpolu.stepDefinition.StepDefinitionImpl.launchApplication(StepDefinitionImpl.java:30)
at sridharpolu.stepDefinition.StepDefinitionImpl.launchApplication(StepDefinitionImpl.java:30)
at sridharpolu.stepDefinition.StepDefinitionImpl.launchApplication(StepDefinitionImpl.java:30)
at sridharpolu.stepDefinition.StepDefinitionImpl.launchApplication(StepDefinitionImpl.java:30)
at sridharpolu.stepDefinition.StepDefinitionImpl.launchApplication(StepDefinitionImpl.java:30)
at sridharpolu.stepDefinition.StepDefinitionImpl.launchApplication(StepDefinitionImpl.java:30)
at sridharpolu.stepDefinition.StepDefinitionImpl.launchApplication(StepDefinitionImpl.java:30)
at sridharpolu.stepDefinition.StepDefinitionImpl.launchApplication(StepDefinitionImpl.java:30)
at sridharpolu.stepDefinition.StepDefinitionImpl.launchApplication(StepDefinitionImpl.java:30)
at sridharpolu.stepDefinition.StepDefinitionImpl.launchApplication(StepDefinitionImpl.java:30)
at sridharpolu.stepDefinition.StepDefinitionImpl.launchApplication(StepDefinitionImpl.java:30)
at sridharpolu.stepDefinition.StepDefinitionImpl.launchApplication(StepDefinitionImpl.java:30)
at sridharpolu.stepDefinition.StepDefinitionImpl.launchApplication(StepDefinitionImpl.java:30)
at sridharpolu.stepDefinition.StepDefinitionImpl.launchApplication(StepDefinitionImpl.java:30)
at sridharpolu.stepDefinition.StepDefinitionImpl.launchApplication(StepDefinitionImpl.java:30)
at sridharpolu.stepDefinition.StepDefinitionImpl.launchApplication(StepDefinitionImpl.java:30)
at sridharpolu.stepDefinition.StepDefinitionImpl.launchApplication(StepDefinitionImpl.java:30)
at sridharpolu.stepDefinition.StepDefinitionImpl.launchApplication(StepDefinitionImpl.java:30)
at sridharpolu.stepDefinition.StepDefinitionImpl.launchApplication(StepDefinitionImpl.java:30)
at sridharpolu.stepDefinition.StepDefinitionImpl.launchApplication(StepDefinitionImpl.java:30)
at sridharpolu.stepDefinition.StepDefinitionImpl.launchApplication(StepDefinitionImpl.java:30)
at sridharpolu.stepDefinition.StepDefinitionImpl.launchApplication(StepDefinitionImpl.java:30)
at sridharpolu.stepDefinition.StepDefinitionImpl.launchApplication(StepDefinitionImpl.java:30)
at sridharpolu.stepDefinition.StepDefinitionImpl.launchApplication(StepDefinitionImpl.java:30)
at sridharpolu.stepDefinition.StepDefinitionImpl.launchApplication(StepDefinitionImpl.java:30)
at sridharpolu.stepDefinition.StepDefinitionImpl.launchApplication(StepDefinitionImpl.java:30)
at sridharpolu.stepDefinition.StepDefinitionImpl.launchApplication(StepDefinitionImpl.java:30)
at sridharpolu.stepDefinition.StepDefinitionImpl.launchApplication(StepDefinitionImpl.java:30)
at sridharpolu.stepDefinition.StepDefinitionImpl.launchApplication(StepDefinitionImpl.java:30)
at sridharpolu.stepDefinition.StepDefinitionImpl.launchApplication(StepDefinitionImpl.java:30)
at sridharpolu.stepDefinition.StepDefinitionImpl.launchApplication(StepDefinitionImpl.java:30)
at sridharpolu.stepDefinition.StepDefinitionImpl.launchApplication(StepDefinitionImpl.java:30)
at sridharpolu.stepDefinition.StepDefinitionImpl.launchApplication(StepDefinitionImpl.java:30)
at sridharpolu.stepDefinition.StepDefinitionImpl.launchApplication(StepDefinitionImpl.java:30)
at sridharpolu.stepDefinition.StepDefinitionImpl.launchApplication(StepDefinitionImpl.java:30)
at sridharpolu.stepDefinition.StepDefinitionImpl.launchApplication(StepDefinitionImpl.java:30)
at sridharpolu.stepDefinition.StepDefinitionImpl.launchApplication(StepDefinitionImpl.java:30)
at sridharpolu.stepDefinition.StepDefinitionImpl.launchApplication(StepDefinitionImpl.java:30)
at sridharpolu.stepDefinition.StepDefinitionImpl.launchApplication(StepDefinitionImpl.java:30)
at sridharpolu.stepDefinition.StepDefinitionImpl.launchApplication(StepDefinitionImpl.java:30)
at sridharpolu.stepDefinition.StepDefinitionImpl.launchApplication(StepDefinitionImpl.java:30)
at sridharpolu.stepDefinition.StepDefinitionImpl.launchApplication(StepDefinitionImpl.java:30)
at sridharpolu.stepDefinition.StepDefinitionImpl.launchApplication(StepDefinitionImpl.java:30)
at sridharpolu.stepDefinition.StepDefinitionImpl.launchApplication(StepDefinitionImpl.java:30)
at sridharpolu.stepDefinition.StepDefinitionImpl.launchApplication(StepDefinitionImpl.java:30)
at sridharpolu.stepDefinition.StepDefinitionImpl.launchApplication(StepDefinitionImpl.java:30)
at sridharpolu.stepDefinition.StepDefinitionImpl.launchApplication(StepDefinitionImpl.java:30)
at sridharpolu.stepDefinition.StepDefinitionImpl.launchApplication(StepDefinitionImpl.java:30)
at sridharpolu.stepDefinition.StepDefinitionImpl.launchApplication(StepDefinitionImpl.java:30)
at sridharpolu.stepDefinition.StepDefinitionImpl.launchApplication(StepDefinitionImpl.java:30)
at sridharpolu.stepDefinition.StepDefinitionImpl.launchApplication(StepDefinitionImpl.java:30)
at sridharpolu.stepDefinition.StepDefinitionImpl.launchApplication(StepDefinitionImpl.java:30)
at sridharpolu.stepDefinition.StepDefinitionImpl.launchApplication(StepDefinitionImpl.java:30)
at sridharpolu.stepDefinition.StepDefinitionImpl.launchApplication(StepDefinitionImpl.java:30)
at sridharpolu.stepDefinition.StepDefinitionImpl.launchApplication(StepDefinitionImpl.java:30)
at sridharpolu.stepDefinition.StepDefinitionImpl.launchApplication(StepDefinitionImpl.java:30)
at sridharpolu.stepDefinition.StepDefinitionImpl.launchApplication(StepDefinitionImpl.java:30)
at sridharpolu.stepDefinition.StepDefinitionImpl.launchApplication(StepDefinitionImpl.java:30)
at sridharpolu.stepDefinition.StepDefinitionImpl.launchApplication(StepDefinitionImpl.java:30)
at sridharpolu.stepDefinition.StepDefinitionImpl.launchApplication(StepDefinitionImpl.java:30)
at sridharpolu.stepDefinition.StepDefinitionImpl.launchApplication(StepDefinitionImpl.java:30)
at sridharpolu.stepDefinition.StepDefinitionImpl.launchApplication(StepDefinitionImpl.java:30)
at sridharpolu.stepDefinition.StepDefinitionImpl.launchApplication(StepDefinitionImpl.java:30)
at sridharpolu.stepDefinition.StepDefinitionImpl.launchApplication(StepDefinitionImpl.java:30)
at sridharpolu.stepDefinition.StepDefinitionImpl.launchApplication(StepDefinitionImpl.java:30)
at sridharpolu.stepDefinition.StepDefinitionImpl.launchApplication(StepDefinitionImpl.java:30)
at sridharpolu.stepDefinition.StepDefinitionImpl.launchApplication(StepDefinitionImpl.java:30)
at sridharpolu.stepDefinition.StepDefinitionImpl.launchApplication(StepDefinitionImpl.java:30)
at sridharpolu.stepDefinition.StepDefinitionImpl.launchApplication(StepDefinitionImpl.java:30)
at sridharpolu.stepDefinition.StepDefinitionImpl.launchApplication(StepDefinitionImpl.java:30)
at sridharpolu.stepDefinition.StepDefinitionImpl.launchApplication(StepDefinitionImpl.java:30)
at sridharpolu.stepDefinition.StepDefinitionImpl.launchApplication(StepDefinitionImpl.java:30)
at sridharpolu.stepDefinition.StepDefinitionImpl.launchApplication(StepDefinitionImpl.java:30)
at sridharpolu.stepDefinition.StepDefinitionImpl.launchApplication(StepDefinitionImpl.java:30)
at sridharpolu.stepDefinition.StepDefinitionImpl.launchApplication(StepDefinitionImpl.java:30)
at sridharpolu.stepDefinition.StepDefinitionImpl.launchApplication(StepDefinitionImpl.java:30)
at sridharpolu.stepDefinition.StepDefinitionImpl.launchApplication(StepDefinitionImpl.java:30)
at sridharpolu.stepDefinition.StepDefinitionImpl.launchApplication(StepDefinitionImpl.java:30)
at sridharpolu.stepDefinition.StepDefinitionImpl.launchApplication(StepDefinitionImpl.java:30)
at sridharpolu.stepDefinition.StepDefinitionImpl.launchApplication(StepDefinitionImpl.java:30)
at sridharpolu.stepDefinition.StepDefinitionImpl.launchApplication(StepDefinitionImpl.java:30)
at sridharpolu.stepDefinition.StepDefinitionImpl.launchApplication(StepDefinitionImpl.java:30)
at sridharpolu.stepDefinition.StepDefinitionImpl.launchApplication(StepDefinitionImpl.java:30)
at sridharpolu.stepDefinition.StepDefinitionImpl.launchApplication(StepDefinitionImpl.java:30)
at sridharpolu.stepDefinition.StepDefinitionImpl.launchApplication(StepDefinitionImpl.java:30)
at sridharpolu.stepDefinition.StepDefinitionImpl.launchApplication(StepDefinitionImpl.java:30)
at sridharpolu.stepDefinition.StepDefinitionImpl.launchApplication(StepDefinitionImpl.java:30)
at sridharpolu.stepDefinition.StepDefinitionImpl.launchApplication(StepDefinitionImpl.java:30)
at sridharpolu.stepDefinition.StepDefinitionImpl.launchApplication(StepDefinitionImpl.java:30)
at sridharpolu.stepDefinition.StepDefinitionImpl.launchApplication(StepDefinitionImpl.java:30)
at sridharpolu.stepDefinition.StepDefinitionImpl.launchApplication(StepDefinitionImpl.java:30)
at sridharpolu.stepDefinition.StepDefinitionImpl.launchApplication(StepDefinitionImpl.java:30)
at sridharpolu.stepDefinition.StepDefinitionImpl.launchApplication(StepDefinitionImpl.java:30)
at sridharpolu.stepDefinition.StepDefinitionImpl.launchApplication(StepDefinitionImpl.java:30)
at sridharpolu.stepDefinition.StepDefinitionImpl.launchApplication(StepDefinitionImpl.java:30)
at sridharpolu.stepDefinition.StepDefinitionImpl.launchApplication(StepDefinitionImpl.java:30)
at sridharpolu.stepDefinition.StepDefinitionImpl.launchApplication(StepDefinitionImpl.java:30)
at sridharpolu.stepDefinition.StepDefinitionImpl.launchApplication(StepDefinitionImpl.java:30)
at sridharpolu.stepDefinition.StepDefinitionImpl.launchApplication(StepDefinitionImpl.java:30)
at sridharpolu.stepDefinition.StepDefinitionImpl.launchApplication(StepDefinitionImpl.java:30)
at sridharpolu.stepDefinition.StepDefinitionImpl.launchApplication(StepDefinitionImpl.java:30)
at sridharpolu.stepDefinition.StepDefinitionImpl.launchApplication(StepDefinitionImpl.java:30)
at sridharpolu.stepDefinition.StepDefinitionImpl.launchApplication(StepDefinitionImpl.java:30)
at sridharpolu.stepDefinition.StepDefinitionImpl.launchApplication(StepDefinitionImpl.java:30)
at sridharpolu.stepDefinition.StepDefinitionImpl.launchApplication(StepDefinitionImpl.java:30)
at sridharpolu.stepDefinition.StepDefinitionImpl.launchApplication(StepDefinitionImpl.java:30)
at sridharpolu.stepDefinition.StepDefinitionImpl.launchApplication(StepDefinitionImpl.java:30)
at sridharpolu.stepDefinition.StepDefinitionImpl.launchApplication(StepDefinitionImpl.java:30)
at sridharpolu.stepDefinition.StepDefinitionImpl.launchApplication(StepDefinitionImpl.java:30)
at sridharpolu.stepDefinition.StepDefinitionImpl.launchApplication(StepDefinitionImpl.java:30)
at sridharpolu.stepDefinition.StepDefinitionImpl.launchApplication(StepDefinitionImpl.java:30)
at sridharpolu.stepDefinition.StepDefinitionImpl.launchApplication(StepDefinitionImpl.java:30)
at sridharpolu.stepDefinition.StepDefinitionImpl.launchApplication(StepDefinitionImpl.java:30)
at sridharpolu.stepDefinition.StepDefinitionImpl.launchApplication(StepDefinitionImpl.java:30)
at sridharpolu.stepDefinition.StepDefinitionImpl.launchApplication(StepDefinitionImpl.java:30)
at sridharpolu.stepDefinition.StepDefinitionImpl.launchApplication(StepDefinitionImpl.java:30)
at sridharpolu.stepDefinition.StepDefinitionImpl.launchApplication(StepDefinitionImpl.java:30)
at sridharpolu.stepDefinition.StepDefinitionImpl.launchApplication(StepDefinitionImpl.java:30)
at sridharpolu.stepDefinition.StepDefinitionImpl.launchApplication(StepDefinitionImpl.java:30)
at sridharpolu.stepDefinition.StepDefinitionImpl.launchApplication(StepDefinitionImpl.java:30)
at sridharpolu.stepDefinition.StepDefinitionImpl.launchApplication(StepDefinitionImpl.java:30)
at sridharpolu.stepDefinition.StepDefinitionImpl.launchApplication(StepDefinitionImpl.java:30)
at sridharpolu.stepDefinition.StepDefinitionImpl.launchApplication(StepDefinitionImpl.java:30)
at sridharpolu.stepDefinition.StepDefinitionImpl.launchApplication(StepDefinitionImpl.java:30)
at sridharpolu.stepDefinition.StepDefinitionImpl.launchApplication(StepDefinitionImpl.java:30)
at sridharpolu.stepDefinition.StepDefinitionImpl.launchApplication(StepDefinitionImpl.java:30)
at sridharpolu.stepDefinition.StepDefinitionImpl.launchApplication(StepDefinitionImpl.java:30)
at sridharpolu.stepDefinition.StepDefinitionImpl.launchApplication(StepDefinitionImpl.java:30)
at sridharpolu.stepDefinition.StepDefinitionImpl.launchApplication(StepDefinitionImpl.java:30)
at sridharpolu.stepDefinition.StepDefinitionImpl.launchApplication(StepDefinitionImpl.java:30)
at sridharpolu.stepDefinition.StepDefinitionImpl.launchApplication(StepDefinitionImpl.java:30)
at sridharpolu.stepDefinition.StepDefinitionImpl.launchApplication(StepDefinitionImpl.java:30)
at sridharpolu.stepDefinition.StepDefinitionImpl.launchApplication(StepDefinitionImpl.java:30)
at sridharpolu.stepDefinition.StepDefinitionImpl.launchApplication(StepDefinitionImpl.java:30)
at sridharpolu.stepDefinition.StepDefinitionImpl.launchApplication(StepDefinitionImpl.java:30)
at sridharpolu.stepDefinition.StepDefinitionImpl.launchApplication(StepDefinitionImpl.java:30)
at sridharpolu.stepDefinition.StepDefinitionImpl.launchApplication(StepDefinitionImpl.java:30)
at sridharpolu.stepDefinition.StepDefinitionImpl.launchApplication(StepDefinitionImpl.java:30)
at sridharpolu.stepDefinition.StepDefinitionImpl.launchApplication(StepDefinitionImpl.java:30)
at sridharpolu.stepDefinition.StepDefinitionImpl.launchApplication(StepDefinitionImpl.java:30)
at sridharpolu.stepDefinition.StepDefinitionImpl.launchApplication(StepDefinitionImpl.java:30)
at sridharpolu.stepDefinition.StepDefinitionImpl.launchApplication(StepDefinitionImpl.java:30)
at sridharpolu.stepDefinition.StepDefinitionImpl.launchApplication(StepDefinitionImpl.java:30)
at sridharpolu.stepDefinition.StepDefinitionImpl.launchApplication(StepDefinitionImpl.java:30)
at sridharpolu.stepDefinition.StepDefinitionImpl.launchApplication(StepDefinitionImpl.java:30)
at sridharpolu.stepDefinition.StepDefinitionImpl.launchApplication(StepDefinitionImpl.java:30)
at sridharpolu.stepDefinition.StepDefinitionImpl.launchApplication(StepDefinitionImpl.java:30)
at sridharpolu.stepDefinition.StepDefinitionImpl.launchApplication(StepDefinitionImpl.java:30)
at sridharpolu.stepDefinition.StepDefinitionImpl.launchApplication(StepDefinitionImpl.java:30)
at sridharpolu.stepDefinition.StepDefinitionImpl.launchApplication(StepDefinitionImpl.java:30)
at sridharpolu.stepDefinition.StepDefinitionImpl.launchApplication(StepDefinitionImpl.java:30)
at sridharpolu.stepDefinition.StepDefinitionImpl.launchApplication(StepDefinitionImpl.java:30)
at sridharpolu.stepDefinition.StepDefinitionImpl.launchApplication(StepDefinitionImpl.java:30)
at sridharpolu.stepDefinition.StepDefinitionImpl.launchApplication(StepDefinitionImpl.java:30)
at sridharpolu.stepDefinition.StepDefinitionImpl.launchApplication(StepDefinitionImpl.java:30)
at sridharpolu.stepDefinition.StepDefinitionImpl.launchApplication(StepDefinitionImpl.java:30)
at sridharpolu.stepDefinition.StepDefinitionImpl.launchApplication(StepDefinitionImpl.java:30)
at sridharpolu.stepDefinition.StepDefinitionImpl.launchApplication(StepDefinitionImpl.java:30)
at sridharpolu.stepDefinition.StepDefinitionImpl.launchApplication(StepDefinitionImpl.java:30)
at sridharpolu.stepDefinition.StepDefinitionImpl.launchApplication(StepDefinitionImpl.java:30)
at sridharpolu.stepDefinition.StepDefinitionImpl.launchApplication(StepDefinitionImpl.java:30)
at sridharpolu.stepDefinition.StepDefinitionImpl.launchApplication(StepDefinitionImpl.java:30)
at sridharpolu.stepDefinition.StepDefinitionImpl.launchApplication(StepDefinitionImpl.java:30)
at sridharpolu.stepDefinition.StepDefinitionImpl.launchApplication(StepDefinitionImpl.java:30)
at sridharpolu.stepDefinition.StepDefinitionImpl.launchApplication(StepDefinitionImpl.java:30)
at sridharpolu.stepDefinition.StepDefinitionImpl.launchApplication(StepDefinitionImpl.java:30)
at sridharpolu.stepDefinition.StepDefinitionImpl.launchApplication(StepDefinitionImpl.java:30)
at sridharpolu.stepDefinition.StepDefinitionImpl.launchApplication(StepDefinitionImpl.java:30)
at sridharpolu.stepDefinition.StepDefinitionImpl.launchApplication(StepDefinitionImpl.java:30)
at sridharpolu.stepDefinition.StepDefinitionImpl.launchApplication(StepDefinitionImpl.java:30)
at sridharpolu.stepDefinition.StepDefinitionImpl.launchApplication(StepDefinitionImpl.java:30)
at sridharpolu.stepDefinition.StepDefinitionImpl.launchApplication(StepDefinitionImpl.java:30)
at sridharpolu.stepDefinition.StepDefinitionImpl.launchApplication(StepDefinitionImpl.java:30)
at sridharpolu.stepDefinition.StepDefinitionImpl.launchApplication(StepDefinitionImpl.java:30)
at sridharpolu.stepDefinition.StepDefinitionImpl.launchApplication(StepDefinitionImpl.java:30)
at sridharpolu.stepDefinition.StepDefinitionImpl.launchApplication(StepDefinitionImpl.java:30)
at sridharpolu.stepDefinition.StepDefinitionImpl.launchApplication(StepDefinitionImpl.java:30)
at sridharpolu.stepDefinition.StepDefinitionImpl.launchApplication(StepDefinitionImpl.java:30)
at sridharpolu.stepDefinition.StepDefinitionImpl.launchApplication(StepDefinitionImpl.java:30)
at sridharpolu.stepDefinition.StepDefinitionImpl.launchApplication(StepDefinitionImpl.java:30)
at sridharpolu.stepDefinition.StepDefinitionImpl.launchApplication(StepDefinitionImpl.java:30)
at sridharpolu.stepDefinition.StepDefinitionImpl.launchApplication(StepDefinitionImpl.java:30)
at sridharpolu.stepDefinition.StepDefinitionImpl.launchApplication(StepDefinitionImpl.java:30)
at sridharpolu.stepDefinition.StepDefinitionImpl.launchApplication(StepDefinitionImpl.java:30)
at sridharpolu.stepDefinition.StepDefinitionImpl.launchApplication(StepDefinitionImpl.java:30)
at sridharpolu.stepDefinition.StepDefinitionImpl.launchApplication(StepDefinitionImpl.java:30)
at sridharpolu.stepDefinition.StepDefinitionImpl.launchApplication(StepDefinitionImpl.java:30)
at sridharpolu.stepDefinition.StepDefinitionImpl.launchApplication(StepDefinitionImpl.java:30)
at sridharpolu.stepDefinition.StepDefinitionImpl.launchApplication(StepDefinitionImpl.java:30)
at sridharpolu.stepDefinition.StepDefinitionImpl.launchApplication(StepDefinitionImpl.java:30)
at sridharpolu.stepDefinition.StepDefinitionImpl.launchApplication(StepDefinitionImpl.java:30)
at sridharpolu.stepDefinition.StepDefinitionImpl.launchApplication(StepDefinitionImpl.java:30)
at sridharpolu.stepDefinition.StepDefinitionImpl.launchApplication(StepDefinitionImpl.java:30)
at sridharpolu.stepDefinition.StepDefinitionImpl.launchApplication(StepDefinitionImpl.java:30)
at sridharpolu.stepDefinition.StepDefinitionImpl.launchApplication(StepDefinitionImpl.java:30)
at sridharpolu.stepDefinition.StepDefinitionImpl.launchApplication(StepDefinitionImpl.java:30)
at sridharpolu.stepDefinition.StepDefinitionImpl.launchApplication(StepDefinitionImpl.java:30)
at sridharpolu.stepDefinition.StepDefinitionImpl.launchApplication(StepDefinitionImpl.java:30)
at sridharpolu.stepDefinition.StepDefinitionImpl.launchApplication(StepDefinitionImpl.java:30)
at sridharpolu.stepDefinition.StepDefinitionImpl.launchApplication(StepDefinitionImpl.java:30)
at sridharpolu.stepDefinition.StepDefinitionImpl.launchApplication(StepDefinitionImpl.java:30)
at sridharpolu.stepDefinition.StepDefinitionImpl.launchApplication(StepDefinitionImpl.java:30)
at sridharpolu.stepDefinition.StepDefinitionImpl.launchApplication(StepDefinitionImpl.java:30)
at sridharpolu.stepDefinition.StepDefinitionImpl.launchApplication(StepDefinitionImpl.java:30)
at sridharpolu.stepDefinition.StepDefinitionImpl.launchApplication(StepDefinitionImpl.java:30)
at sridharpolu.stepDefinition.StepDefinitionImpl.launchApplication(StepDefinitionImpl.java:30)
at sridharpolu.stepDefinition.StepDefinitionImpl.launchApplication(StepDefinitionImpl.java:30)
at sridharpolu.stepDefinition.StepDefinitionImpl.launchApplication(StepDefinitionImpl.java:30)
at sridharpolu.stepDefinition.StepDefinitionImpl.launchApplication(StepDefinitionImpl.java:30)
at sridharpolu.stepDefinition.StepDefinitionImpl.launchApplication(StepDefinitionImpl.java:30)
at sridharpolu.stepDefinition.StepDefinitionImpl.launchApplication(StepDefinitionImpl.java:30)
at sridharpolu.stepDefinition.StepDefinitionImpl.launchApplication(StepDefinitionImpl.java:30)
at sridharpolu.stepDefinition.StepDefinitionImpl.launchApplication(StepDefinitionImpl.java:30)
at sridharpolu.stepDefinition.StepDefinitionImpl.launchApplication(StepDefinitionImpl.java:30)
at sridharpolu.stepDefinition.StepDefinitionImpl.launchApplication(StepDefinitionImpl.java:30)
at sridharpolu.stepDefinition.StepDefinitionImpl.launchApplication(StepDefinitionImpl.java:30)
at sridharpolu.stepDefinition.StepDefinitionImpl.launchApplication(StepDefinitionImpl.java:30)
at sridharpolu.stepDefinition.StepDefinitionImpl.launchApplication(StepDefinitionImpl.java:30)
at sridharpolu.stepDefinition.StepDefinitionImpl.launchApplication(StepDefinitionImpl.java:30)
at sridharpolu.stepDefinition.StepDefinitionImpl.launchApplication(StepDefinitionImpl.java:30)
at sridharpolu.stepDefinition.StepDefinitionImpl.launchApplication(StepDefinitionImpl.java:30)
at sridharpolu.stepDefinition.StepDefinitionImpl.launchApplication(StepDefinitionImpl.java:30)
at sridharpolu.stepDefinition.StepDefinitionImpl.launchApplication(StepDefinitionImpl.java:30)
at sridharpolu.stepDefinition.StepDefinitionImpl.launchApplication(StepDefinitionImpl.java:30)
at sridharpolu.stepDefinition.StepDefinitionImpl.launchApplication(StepDefinitionImpl.java:30)
at sridharpolu.stepDefinition.StepDefinitionImpl.launchApplication(StepDefinitionImpl.java:30)
at sridharpolu.stepDefinition.StepDefinitionImpl.launchApplication(StepDefinitionImpl.java:30)
at sridharpolu.stepDefinition.StepDefinitionImpl.launchApplication(StepDefinitionImpl.java:30)
at sridharpolu.stepDefinition.StepDefinitionImpl.launchApplication(StepDefinitionImpl.java:30)
at sridharpolu.stepDefinition.StepDefinitionImpl.launchApplication(StepDefinitionImpl.java:30)
at sridharpolu.stepDefinition.StepDefinitionImpl.launchApplication(StepDefinitionImpl.java:30)
at sridharpolu.stepDefinition.StepDefinitionImpl.launchApplication(StepDefinitionImpl.java:30)
at sridharpolu.stepDefinition.StepDefinitionImpl.launchApplication(StepDefinitionImpl.java:30)
at sridharpolu.stepDefinition.StepDefinitionImpl.launchApplication(StepDefinitionImpl.java:30)
at sridharpolu.stepDefinition.StepDefinitionImpl.launchApplication(StepDefinitionImpl.java:30)
at sridharpolu.stepDefinition.StepDefinitionImpl.launchApplication(StepDefinitionImpl.java:30)
at sridharpolu.stepDefinition.StepDefinitionImpl.launchApplication(StepDefinitionImpl.java:30)
at sridharpolu.stepDefinition.StepDefinitionImpl.launchApplication(StepDefinitionImpl.java:30)
at sridharpolu.stepDefinition.StepDefinitionImpl.launchApplication(StepDefinitionImpl.java:30)
at sridharpolu.stepDefinition.StepDefinitionImpl.launchApplication(StepDefinitionImpl.java:30)
at sridharpolu.stepDefinition.StepDefinitionImpl.launchApplication(StepDefinitionImpl.java:30)
at sridharpolu.stepDefinition.StepDefinitionImpl.launchApplication(StepDefinitionImpl.java:30)
at sridharpolu.stepDefinition.StepDefinitionImpl.launchApplication(StepDefinitionImpl.java:30)
at sridharpolu.stepDefinition.StepDefinitionImpl.launchApplication(StepDefinitionImpl.java:30)
at sridharpolu.stepDefinition.StepDefinitionImpl.launchApplication(StepDefinitionImpl.java:30)
at sridharpolu.stepDefinition.StepDefinitionImpl.launchApplication(StepDefinitionImpl.java:30)
at sridharpolu.stepDefinition.StepDefinitionImpl.launchApplication(StepDefinitionImpl.java:30)
at sridharpolu.stepDefinition.StepDefinitionImpl.launchApplication(StepDefinitionImpl.java:30)
at sridharpolu.stepDefinition.StepDefinitionImpl.launchApplication(StepDefinitionImpl.java:30)
at sridharpolu.stepDefinition.StepDefinitionImpl.launchApplication(StepDefinitionImpl.java:30)
at sridharpolu.stepDefinition.StepDefinitionImpl.launchApplication(StepDefinitionImpl.java:30)
at sridharpolu.stepDefinition.StepDefinitionImpl.launchApplication(StepDefinitionImpl.java:30)
at sridharpolu.stepDefinition.StepDefinitionImpl.launchApplication(StepDefinitionImpl.java:30)
at sridharpolu.stepDefinition.StepDefinitionImpl.launchApplication(StepDefinitionImpl.java:30)
at sridharpolu.stepDefinition.StepDefinitionImpl.launchApplication(StepDefinitionImpl.java:30)
at sridharpolu.stepDefinition.StepDefinitionImpl.launchApplication(StepDefinitionImpl.java:30)
at sridharpolu.stepDefinition.StepDefinitionImpl.launchApplication(StepDefinitionImpl.java:30)
at sridharpolu.stepDefinition.StepDefinitionImpl.launchApplication(StepDefinitionImpl.java:30)
at sridharpolu.stepDefinition.StepDefinitionImpl.launchApplication(StepDefinitionImpl.java:30)
at sridharpolu.stepDefinition.StepDefinitionImpl.launchApplication(StepDefinitionImpl.java:30)
at sridharpolu.stepDefinition.StepDefinitionImpl.launchApplication(StepDefinitionImpl.java:30)
at sridharpolu.stepDefinition.StepDefinitionImpl.launchApplication(StepDefinitionImpl.java:30)
at sridharpolu.stepDefinition.StepDefinitionImpl.launchApplication(StepDefinitionImpl.java:30)
at sridharpolu.stepDefinition.StepDefinitionImpl.launchApplication(StepDefinitionImpl.java:30)
at sridharpolu.stepDefinition.StepDefinitionImpl.launchApplication(StepDefinitionImpl.java:30)
at sridharpolu.stepDefinition.StepDefinitionImpl.launchApplication(StepDefinitionImpl.java:30)
at sridharpolu.stepDefinition.StepDefinitionImpl.launchApplication(StepDefinitionImpl.java:30)
at sridharpolu.stepDefinition.StepDefinitionImpl.launchApplication(StepDefinitionImpl.java:30)
at sridharpolu.stepDefinition.StepDefinitionImpl.launchApplication(StepDefinitionImpl.java:30)
at sridharpolu.stepDefinition.StepDefinitionImpl.launchApplication(StepDefinitionImpl.java:30)
at sridharpolu.stepDefinition.StepDefinitionImpl.launchApplication(StepDefinitionImpl.java:30)
at sridharpolu.stepDefinition.StepDefinitionImpl.launchApplication(StepDefinitionImpl.java:30)
at sridharpolu.stepDefinition.StepDefinitionImpl.launchApplication(StepDefinitionImpl.java:30)
at sridharpolu.stepDefinition.StepDefinitionImpl.launchApplication(StepDefinitionImpl.java:30)
at sridharpolu.stepDefinition.StepDefinitionImpl.launchApplication(StepDefinitionImpl.java:30)
at sridharpolu.stepDefinition.StepDefinitionImpl.launchApplication(StepDefinitionImpl.java:30)
at sridharpolu.stepDefinition.StepDefinitionImpl.launchApplication(StepDefinitionImpl.java:30)
at sridharpolu.stepDefinition.StepDefinitionImpl.launchApplication(StepDefinitionImpl.java:30)
at sridharpolu.stepDefinition.StepDefinitionImpl.launchApplication(StepDefinitionImpl.java:30)
at sridharpolu.stepDefinition.StepDefinitionImpl.launchApplication(StepDefinitionImpl.java:30)
at sridharpolu.stepDefinition.StepDefinitionImpl.launchApplication(StepDefinitionImpl.java:30)
at sridharpolu.stepDefinition.StepDefinitionImpl.launchApplication(StepDefinitionImpl.java:30)
at sridharpolu.stepDefinition.StepDefinitionImpl.launchApplication(StepDefinitionImpl.java:30)
at sridharpolu.stepDefinition.StepDefinitionImpl.launchApplication(StepDefinitionImpl.java:30)
at sridharpolu.stepDefinition.StepDefinitionImpl.launchApplication(StepDefinitionImpl.java:30)
at sridharpolu.stepDefinition.StepDefinitionImpl.launchApplication(StepDefinitionImpl.java:30)
at sridharpolu.stepDefinition.StepDefinitionImpl.launchApplication(StepDefinitionImpl.java:30)
at sridharpolu.stepDefinition.StepDefinitionImpl.launchApplication(StepDefinitionImpl.java:30)
at sridharpolu.stepDefinition.StepDefinitionImpl.launchApplication(StepDefinitionImpl.java:30)
at sridharpolu.stepDefinition.StepDefinitionImpl.launchApplication(StepDefinitionImpl.java:30)
at sridharpolu.stepDefinition.StepDefinitionImpl.launchApplication(StepDefinitionImpl.java:30)
at sridharpolu.stepDefinition.StepDefinitionImpl.launchApplication(StepDefinitionImpl.java:30)
at sridharpolu.stepDefinition.StepDefinitionImpl.launchApplication(StepDefinitionImpl.java:30)
at sridharpolu.stepDefinition.StepDefinitionImpl.launchApplication(StepDefinitionImpl.java:30)
at sridharpolu.stepDefinition.StepDefinitionImpl.launchApplication(StepDefinitionImpl.java:30)
at sridharpolu.stepDefinition.StepDefinitionImpl.launchApplication(StepDefinitionImpl.java:30)
at sridharpolu.stepDefinition.StepDefinitionImpl.launchApplication(StepDefinitionImpl.java:30)
at sridharpolu.stepDefinition.StepDefinitionImpl.launchApplication(StepDefinitionImpl.java:30)
at sridharpolu.stepDefinition.StepDefinitionImpl.launchApplication(StepDefinitionImpl.java:30)
at sridharpolu.stepDefinition.StepDefinitionImpl.launchApplication(StepDefinitionImpl.java:30)
at sridharpolu.stepDefinition.StepDefinitionImpl.launchApplication(StepDefinitionImpl.java:30)
at sridharpolu.stepDefinition.StepDefinitionImpl.launchApplication(StepDefinitionImpl.java:30)
at sridharpolu.stepDefinition.StepDefinitionImpl.launchApplication(StepDefinitionImpl.java:30)
at sridharpolu.stepDefinition.StepDefinitionImpl.launchApplication(StepDefinitionImpl.java:30)
at sridharpolu.stepDefinition.StepDefinitionImpl.launchApplication(StepDefinitionImpl.java:30)
at sridharpolu.stepDefinition.StepDefinitionImpl.launchApplication(StepDefinitionImpl.java:30)
at sridharpolu.stepDefinition.StepDefinitionImpl.launchApplication(StepDefinitionImpl.java:30)
at sridharpolu.stepDefinition.StepDefinitionImpl.launchApplication(StepDefinitionImpl.java:30)
at sridharpolu.stepDefinition.StepDefinitionImpl.launchApplication(StepDefinitionImpl.java:30)
at sridharpolu.stepDefinition.StepDefinitionImpl.launchApplication(StepDefinitionImpl.java:30)
at sridharpolu.stepDefinition.StepDefinitionImpl.launchApplication(StepDefinitionImpl.java:30)
at sridharpolu.stepDefinition.StepDefinitionImpl.launchApplication(StepDefinitionImpl.java:30)
at sridharpolu.stepDefinition.StepDefinitionImpl.launchApplication(StepDefinitionImpl.java:30)
at sridharpolu.stepDefinition.StepDefinitionImpl.launchApplication(StepDefinitionImpl.java:30)
at sridharpolu.stepDefinition.StepDefinitionImpl.launchApplication(StepDefinitionImpl.java:30)
at sridharpolu.stepDefinition.StepDefinitionImpl.launchApplication(StepDefinitionImpl.java:30)
at sridharpolu.stepDefinition.StepDefinitionImpl.launchApplication(StepDefinitionImpl.java:30)
at sridharpolu.stepDefinition.StepDefinitionImpl.launchApplication(StepDefinitionImpl.java:30)
at sridharpolu.stepDefinition.StepDefinitionImpl.launchApplication(StepDefinitionImpl.java:30)
at sridharpolu.stepDefinition.StepDefinitionImpl.launchApplication(StepDefinitionImpl.java:30)
at sridharpolu.stepDefinition.StepDefinitionImpl.launchApplication(StepDefinitionImpl.java:30)
at sridharpolu.stepDefinition.StepDefinitionImpl.launchApplication(StepDefinitionImpl.java:30)
at sridharpolu.stepDefinition.StepDefinitionImpl.launchApplication(StepDefinitionImpl.java:30)
at sridharpolu.stepDefinition.StepDefinitionImpl.launchApplication(StepDefinitionImpl.java:30)
at sridharpolu.stepDefinition.StepDefinitionImpl.launchApplication(StepDefinitionImpl.java:30)
at sridharpolu.stepDefinition.StepDefinitionImpl.launchApplication(StepDefinitionImpl.java:30)
at sridharpolu.stepDefinition.StepDefinitionImpl.launchApplication(StepDefinitionImpl.java:30)
at sridharpolu.stepDefinition.StepDefinitionImpl.launchApplication(StepDefinitionImpl.java:30)
at sridharpolu.stepDefinition.StepDefinitionImpl.launchApplication(StepDefinitionImpl.java:30)
at sridharpolu.stepDefinition.StepDefinitionImpl.launchApplication(StepDefinitionImpl.java:30)
at sridharpolu.stepDefinition.StepDefinitionImpl.launchApplication(StepDefinitionImpl.java:30)
at sridharpolu.stepDefinition.StepDefinitionImpl.launchApplication(StepDefinitionImpl.java:30)
at sridharpolu.stepDefinition.StepDefinitionImpl.launchApplication(StepDefinitionImpl.java:30)
at sridharpolu.stepDefinition.StepDefinitionImpl.launchApplication(StepDefinitionImpl.java:30)
at sridharpolu.stepDefinition.StepDefinitionImpl.launchApplication(StepDefinitionImpl.java:30)
at sridharpolu.stepDefinition.StepDefinitionImpl.launchApplication(StepDefinitionImpl.java:30)
at sridharpolu.stepDefinition.StepDefinitionImpl.launchApplication(StepDefinitionImpl.java:30)
at sridharpolu.stepDefinition.StepDefinitionImpl.launchApplication(StepDefinitionImpl.java:30)
at sridharpolu.stepDefinition.StepDefinitionImpl.launchApplication(StepDefinitionImpl.java:30)
at sridharpolu.stepDefinition.StepDefinitionImpl.launchApplication(StepDefinitionImpl.java:30)
at sridharpolu.stepDefinition.StepDefinitionImpl.launchApplication(StepDefinitionImpl.java:30)
at sridharpolu.stepDefinition.StepDefinitionImpl.launchApplication(StepDefinitionImpl.java:30)
at sridharpolu.stepDefinition.StepDefinitionImpl.launchApplication(StepDefinitionImpl.java:30)
at sridharpolu.stepDefinition.StepDefinitionImpl.launchApplication(StepDefinitionImpl.java:30)
at sridharpolu.stepDefinition.StepDefinitionImpl.launchApplication(StepDefinitionImpl.java:30)
at sridharpolu.stepDefinition.StepDefinitionImpl.launchApplication(StepDefinitionImpl.java:30)
at sridharpolu.stepDefinition.StepDefinitionImpl.launchApplication(StepDefinitionImpl.java:30)
at sridharpolu.stepDefinition.StepDefinitionImpl.launchApplication(StepDefinitionImpl.java:30)
at sridharpolu.stepDefinition.StepDefinitionImpl.launchApplication(StepDefinitionImpl.java:30)
at sridharpolu.stepDefinition.StepDefinitionImpl.launchApplication(StepDefinitionImpl.java:30)
at sridharpolu.stepDefinition.StepDefinitionImpl.launchApplication(StepDefinitionImpl.java:30)
at sridharpolu.stepDefinition.StepDefinitionImpl.launchApplication(StepDefinitionImpl.java:30)
at sridharpolu.stepDefinition.StepDefinitionImpl.launchApplication(StepDefinitionImpl.java:30)
at sridharpolu.stepDefinition.StepDefinitionImpl.launchApplication(StepDefinitionImpl.java:30)
at sridharpolu.stepDefinition.StepDefinitionImpl.launchApplication(StepDefinitionImpl.java:30)
at sridharpolu.stepDefinition.StepDefinitionImpl.launchApplication(StepDefinitionImpl.java:30)
at sridharpolu.stepDefinition.StepDefinitionImpl.launchApplication(StepDefinitionImpl.java:30)
at sridharpolu.stepDefinition.StepDefinitionImpl.launchApplication(StepDefinitionImpl.java:30)
at sridharpolu.stepDefinition.StepDefinitionImpl.launchApplication(StepDefinitionImpl.java:30)
at sridharpolu.stepDefinition.StepDefinitionImpl.launchApplication(StepDefinitionImpl.java:30)
at sridharpolu.stepDefinition.StepDefinitionImpl.launchApplication(StepDefinitionImpl.java:30)
at sridharpolu.stepDefinition.StepDefinitionImpl.launchApplication(StepDefinitionImpl.java:30)
at sridharpolu.stepDefinition.StepDefinitionImpl.launchApplication(StepDefinitionImpl.java:30)
at sridharpolu.stepDefinition.StepDefinitionImpl.launchApplication(StepDefinitionImpl.java:30)
at sridharpolu.stepDefinition.StepDefinitionImpl.launchApplication(StepDefinitionImpl.java:30)
at sridharpolu.stepDefinition.StepDefinitionImpl.launchApplication(StepDefinitionImpl.java:30)
at sridharpolu.stepDefinition.StepDefinitionImpl.launchApplication(StepDefinitionImpl.java:30)
at sridharpolu.stepDefinition.StepDefinitionImpl.launchApplication(StepDefinitionImpl.java:30)
at sridharpolu.stepDefinition.StepDefinitionImpl.launchApplication(StepDefinitionImpl.java:30)
at sridharpolu.stepDefinition.StepDefinitionImpl.launchApplication(StepDefinitionImpl.java:30)
at sridharpolu.stepDefinition.StepDefinitionImpl.launchApplication(StepDefinitionImpl.java:30)
at sridharpolu.stepDefinition.StepDefinitionImpl.launchApplication(StepDefinitionImpl.java:30)
at sridharpolu.stepDefinition.StepDefinitionImpl.launchApplication(StepDefinitionImpl.java:30)
at sridharpolu.stepDefinition.StepDefinitionImpl.launchApplication(StepDefinitionImpl.java:30)
at sridharpolu.stepDefinition.StepDefinitionImpl.launchApplication(StepDefinitionImpl.java:30)
at sridharpolu.stepDefinition.StepDefinitionImpl.launchApplication(StepDefinitionImpl.java:30)
at sridharpolu.stepDefinition.StepDefinitionImpl.launchApplication(StepDefinitionImpl.java:30)
at sridharpolu.stepDefinition.StepDefinitionImpl.launchApplication(StepDefinitionImpl.java:30)
at sridharpolu.stepDefinition.StepDefinitionImpl.launchApplication(StepDefinitionImpl.java:30)
at sridharpolu.stepDefinition.StepDefinitionImpl.launchApplication(StepDefinitionImpl.java:30)
at sridharpolu.stepDefinition.StepDefinitionImpl.launchApplication(StepDefinitionImpl.java:30)
at sridharpolu.stepDefinition.StepDefinitionImpl.launchApplication(StepDefinitionImpl.java:30)
at sridharpolu.stepDefinition.StepDefinitionImpl.launchApplication(StepDefinitionImpl.java:30)
at sridharpolu.stepDefinition.StepDefinitionImpl.launchApplication(StepDefinitionImpl.java:30)
at sridharpolu.stepDefinition.StepDefinitionImpl.launchApplication(StepDefinitionImpl.java:30)
at sridharpolu.stepDefinition.StepDefinitionImpl.launchApplication(StepDefinitionImpl.java:30)
at sridharpolu.stepDefinition.StepDefinitionImpl.launchApplication(StepDefinitionImpl.java:30)
at sridharpolu.stepDefinition.StepDefinitionImpl.launchApplication(StepDefinitionImpl.java:30)
at sridharpolu.stepDefinition.StepDefinitionImpl.launchApplication(StepDefinitionImpl.java:30)
at sridharpolu.stepDefinition.StepDefinitionImpl.launchApplication(StepDefinitionImpl.java:30)
at sridharpolu.stepDefinition.StepDefinitionImpl.launchApplication(StepDefinitionImpl.java:30)
at sridharpolu.stepDefinition.StepDefinitionImpl.launchApplication(StepDefinitionImpl.java:30)
at sridharpolu.stepDefinition.StepDefinitionImpl.launchApplication(StepDefinitionImpl.java:30)
at sridharpolu.stepDefinition.StepDefinitionImpl.launchApplication(StepDefinitionImpl.java:30)
at sridharpolu.stepDefinition.StepDefinitionImpl.launchApplication(StepDefinitionImpl.java:30)
at sridharpolu.stepDefinition.StepDefinitionImpl.launchApplication(StepDefinitionImpl.java:30)
at sridharpolu.stepDefinition.StepDefinitionImpl.launchApplication(StepDefinitionImpl.java:30)
at sridharpolu.stepDefinition.StepDefinitionImpl.launchApplication(StepDefinitionImpl.java:30)
at sridharpolu.stepDefinition.StepDefinitionImpl.launchApplication(StepDefinitionImpl.java:30)
at sridharpolu.stepDefinition.StepDefinitionImpl.launchApplication(StepDefinitionImpl.java:30)
at sridharpolu.stepDefinition.StepDefinitionImpl.launchApplication(StepDefinitionImpl.java:30)
at sridharpolu.stepDefinition.StepDefinitionImpl.launchApplication(StepDefinitionImpl.java:30)
at sridharpolu.stepDefinition.StepDefinitionImpl.launchApplication(StepDefinitionImpl.java:30)
at sridharpolu.stepDefinition.StepDefinitionImpl.launchApplication(StepDefinitionImpl.java:30)
at sridharpolu.stepDefinition.StepDefinitionImpl.launchApplication(StepDefinitionImpl.java:30)
at sridharpolu.stepDefinition.StepDefinitionImpl.launchApplication(StepDefinitionImpl.java:30)
at sridharpolu.stepDefinition.StepDefinitionImpl.launchApplication(StepDefinitionImpl.java:30)
at sridharpolu.stepDefinition.StepDefinitionImpl.launchApplication(StepDefinitionImpl.java:30)
at sridharpolu.stepDefinition.StepDefinitionImpl.launchApplication(StepDefinitionImpl.java:30)
at sridharpolu.stepDefinition.StepDefinitionImpl.launchApplication(StepDefinitionImpl.java:30)
at sridharpolu.stepDefinition.StepDefinitionImpl.launchApplication(StepDefinitionImpl.java:30)
at sridharpolu.stepDefinition.StepDefinitionImpl.launchApplication(StepDefinitionImpl.java:30)
at sridharpolu.stepDefinition.StepDefinitionImpl.launchApplication(StepDefinitionImpl.java:30)
at sridharpolu.stepDefinition.StepDefinitionImpl.launchApplication(StepDefinitionImpl.java:30)
at sridharpolu.stepDefinition.StepDefinitionImpl.launchApplication(StepDefinitionImpl.java:30)
at sridharpolu.stepDefinition.StepDefinitionImpl.launchApplication(StepDefinitionImpl.java:30)
at sridharpolu.stepDefinition.StepDefinitionImpl.launchApplication(StepDefinitionImpl.java:30)
at sridharpolu.stepDefinition.StepDefinitionImpl.launchApplication(StepDefinitionImpl.java:30)
at sridharpolu.stepDefinition.StepDefinitionImpl.launchApplication(StepDefinitionImpl.java:30)
at sridharpolu.stepDefinition.StepDefinitionImpl.launchApplication(StepDefinitionImpl.java:30)
at sridharpolu.stepDefinition.StepDefinitionImpl.launchApplication(StepDefinitionImpl.java:30)
at sridharpolu.stepDefinition.StepDefinitionImpl.launchApplication(StepDefinitionImpl.java:30)
at sridharpolu.stepDefinition.StepDefinitionImpl.launchApplication(StepDefinitionImpl.java:30)
at sridharpolu.stepDefinition.StepDefinitionImpl.launchApplication(StepDefinitionImpl.java:30)
at sridharpolu.stepDefinition.StepDefinitionImpl.launchApplication(StepDefinitionImpl.java:30)
at sridharpolu.stepDefinition.StepDefinitionImpl.launchApplication(StepDefinitionImpl.java:30)
at sridharpolu.stepDefinition.StepDefinitionImpl.launchApplication(StepDefinitionImpl.java:30)
at sridharpolu.stepDefinition.StepDefinitionImpl.launchApplication(StepDefinitionImpl.java:30)
at sridharpolu.stepDefinition.StepDefinitionImpl.launchApplication(StepDefinitionImpl.java:30)
at sridharpolu.stepDefinition.StepDefinitionImpl.launchApplication(StepDefinitionImpl.java:30)
at sridharpolu.stepDefinition.StepDefinitionImpl.launchApplication(StepDefinitionImpl.java:30)
at sridharpolu.stepDefinition.StepDefinitionImpl.launchApplication(StepDefinitionImpl.java:30)
at sridharpolu.stepDefinition.StepDefinitionImpl.launchApplication(StepDefinitionImpl.java:30)
at sridharpolu.stepDefinition.StepDefinitionImpl.launchApplication(StepDefinitionImpl.java:30)
at sridharpolu.stepDefinition.StepDefinitionImpl.launchApplication(StepDefinitionImpl.java:30)
at sridharpolu.stepDefinition.StepDefinitionImpl.launchApplication(StepDefinitionImpl.java:30)
at sridharpolu.stepDefinition.StepDefinitionImpl.launchApplication(StepDefinitionImpl.java:30)
at sridharpolu.stepDefinition.StepDefinitionImpl.launchApplication(StepDefinitionImpl.java:30)
at sridharpolu.stepDefinition.StepDefinitionImpl.launchApplication(StepDefinitionImpl.java:30)
at sridharpolu.stepDefinition.StepDefinitionImpl.launchApplication(StepDefinitionImpl.java:30)
at sridharpolu.stepDefinition.StepDefinitionImpl.launchApplication(StepDefinitionImpl.java:30)
at sridharpolu.stepDefinition.StepDefinitionImpl.launchApplication(StepDefinitionImpl.java:30)
at sridharpolu.stepDefinition.StepDefinitionImpl.launchApplication(StepDefinitionImpl.java:30)
at sridharpolu.stepDefinition.StepDefinitionImpl.launchApplication(StepDefinitionImpl.java:30)
at sridharpolu.stepDefinition.StepDefinitionImpl.launchApplication(StepDefinitionImpl.java:30)
at sridharpolu.stepDefinition.StepDefinitionImpl.launchApplication(StepDefinitionImpl.java:30)
at sridharpolu.stepDefinition.StepDefinitionImpl.launchApplication(StepDefinitionImpl.java:30)
at sridharpolu.stepDefinition.StepDefinitionImpl.launchApplication(StepDefinitionImpl.java:30)
at sridharpolu.stepDefinition.StepDefinitionImpl.launchApplication(StepDefinitionImpl.java:30)
at sridharpolu.stepDefinition.StepDefinitionImpl.launchApplication(StepDefinitionImpl.java:30)
at sridharpolu.stepDefinition.StepDefinitionImpl.launchApplication(StepDefinitionImpl.java:30)
at sridharpolu.stepDefinition.StepDefinitionImpl.launchApplication(StepDefinitionImpl.java:30)
at sridharpolu.stepDefinition.StepDefinitionImpl.launchApplication(StepDefinitionImpl.java:30)
at sridharpolu.stepDefinition.StepDefinitionImpl.launchApplication(StepDefinitionImpl.java:30)
at sridharpolu.stepDefinition.StepDefinitionImpl.launchApplication(StepDefinitionImpl.java:30)
at sridharpolu.stepDefinition.StepDefinitionImpl.launchApplication(StepDefinitionImpl.java:30)
at sridharpolu.stepDefinition.StepDefinitionImpl.launchApplication(StepDefinitionImpl.java:30)
at sridharpolu.stepDefinition.StepDefinitionImpl.launchApplication(StepDefinitionImpl.java:30)
at sridharpolu.stepDefinition.StepDefinitionImpl.launchApplication(StepDefinitionImpl.java:30)
at sridharpolu.stepDefinition.StepDefinitionImpl.launchApplication(StepDefinitionImpl.java:30)
at sridharpolu.stepDefinition.StepDefinitionImpl.launchApplication(StepDefinitionImpl.java:30)
at sridharpolu.stepDefinition.StepDefinitionImpl.launchApplication(StepDefinitionImpl.java:30)
at sridharpolu.stepDefinition.StepDefinitionImpl.launchApplication(StepDefinitionImpl.java:30)
at sridharpolu.stepDefinition.StepDefinitionImpl.launchApplication(StepDefinitionImpl.java:30)
at sridharpolu.stepDefinition.StepDefinitionImpl.launchApplication(StepDefinitionImpl.java:30)
at sridharpolu.stepDefinition.StepDefinitionImpl.launchApplication(StepDefinitionImpl.java:30)
at sridharpolu.stepDefinition.StepDefinitionImpl.launchApplication(StepDefinitionImpl.java:30)
at sridharpolu.stepDefinition.StepDefinitionImpl.launchApplication(StepDefinitionImpl.java:30)
at sridharpolu.stepDefinition.StepDefinitionImpl.launchApplication(StepDefinitionImpl.java:30)
at sridharpolu.stepDefinition.StepDefinitionImpl.launchApplication(StepDefinitionImpl.java:30)
at sridharpolu.stepDefinition.StepDefinitionImpl.launchApplication(StepDefinitionImpl.java:30)
at sridharpolu.stepDefinition.StepDefinitionImpl.launchApplication(StepDefinitionImpl.java:30)
at sridharpolu.stepDefinition.StepDefinitionImpl.launchApplication(StepDefinitionImpl.java:30)
at sridharpolu.stepDefinition.StepDefinitionImpl.launchApplication(StepDefinitionImpl.java:30)
at sridharpolu.stepDefinition.StepDefinitionImpl.launchApplication(StepDefinitionImpl.java:30)
at sridharpolu.stepDefinition.StepDefinitionImpl.launchApplication(StepDefinitionImpl.java:30)
at sridharpolu.stepDefinition.StepDefinitionImpl.launchApplication(StepDefinitionImpl.java:30)
at sridharpolu.stepDefinition.StepDefinitionImpl.launchApplication(StepDefinitionImpl.java:30)
at sridharpolu.stepDefinition.StepDefinitionImpl.launchApplication(StepDefinitionImpl.java:30)
at sridharpolu.stepDefinition.StepDefinitionImpl.launchApplication(StepDefinitionImpl.java:30)
at sridharpolu.stepDefinition.StepDefinitionImpl.launchApplication(StepDefinitionImpl.java:30)
at sridharpolu.stepDefinition.StepDefinitionImpl.launchApplication(StepDefinitionImpl.java:30)
at sridharpolu.stepDefinition.StepDefinitionImpl.launchApplication(StepDefinitionImpl.java:30)
at sridharpolu.stepDefinition.StepDefinitionImpl.launchApplication(StepDefinitionImpl.java:30)
at sridharpolu.stepDefinition.StepDefinitionImpl.launchApplication(StepDefinitionImpl.java:30)
at sridharpolu.stepDefinition.StepDefinitionImpl.launchApplication(StepDefinitionImpl.java:30)
at sridharpolu.stepDefinition.StepDefinitionImpl.launchApplication(StepDefinitionImpl.java:30)
at sridharpolu.stepDefinition.StepDefinitionImpl.launchApplication(StepDefinitionImpl.java:30)
at sridharpolu.stepDefinition.StepDefinitionImpl.launchApplication(StepDefinitionImpl.java:30)
at sridharpolu.stepDefinition.StepDefinitionImpl.launchApplication(StepDefinitionImpl.java:30)
at sridharpolu.stepDefinition.StepDefinitionImpl.launchApplication(StepDefinitionImpl.java:30)
at sridharpolu.stepDefinition.StepDefinitionImpl.launchApplication(StepDefinitionImpl.java:30)
at sridharpolu.stepDefinition.StepDefinitionImpl.launchApplication(StepDefinitionImpl.java:30)
at sridharpolu.stepDefinition.StepDefinitionImpl.launchApplication(StepDefinitionImpl.java:30)
at sridharpolu.stepDefinition.StepDefinitionImpl.launchApplication(StepDefinitionImpl.java:30)
at sridharpolu.stepDefinition.StepDefinitionImpl.launchApplication(StepDefinitionImpl.java:30)
at sridharpolu.stepDefinition.StepDefinitionImpl.launchApplication(StepDefinitionImpl.java:30)
at sridharpolu.stepDefinition.StepDefinitionImpl.launchApplication(StepDefinitionImpl.java:30)
at sridharpolu.stepDefinition.StepDefinitionImpl.launchApplication(StepDefinitionImpl.java:30)
at sridharpolu.stepDefinition.StepDefinitionImpl.launchApplication(StepDefinitionImpl.java:30)
at sridharpolu.stepDefinition.StepDefinitionImpl.launchApplication(StepDefinitionImpl.java:30)
at sridharpolu.stepDefinition.StepDefinitionImpl.launchApplication(StepDefinitionImpl.java:30)
at sridharpolu.stepDefinition.StepDefinitionImpl.launchApplication(StepDefinitionImpl.java:30)
at sridharpolu.stepDefinition.StepDefinitionImpl.launchApplication(StepDefinitionImpl.java:30)
at sridharpolu.stepDefinition.StepDefinitionImpl.launchApplication(StepDefinitionImpl.java:30)
at sridharpolu.stepDefinition.StepDefinitionImpl.launchApplication(StepDefinitionImpl.java:30)
at sridharpolu.stepDefinition.StepDefinitionImpl.launchApplication(StepDefinitionImpl.java:30)
at sridharpolu.stepDefinition.StepDefinitionImpl.launchApplication(StepDefinitionImpl.java:30)
at sridharpolu.stepDefinition.StepDefinitionImpl.launchApplication(StepDefinitionImpl.java:30)
at sridharpolu.stepDefinition.StepDefinitionImpl.launchApplication(StepDefinitionImpl.java:30)
at sridharpolu.stepDefinition.StepDefinitionImpl.launchApplication(StepDefinitionImpl.java:30)
at sridharpolu.stepDefinition.StepDefinitionImpl.launchApplication(StepDefinitionImpl.java:30)
at sridharpolu.stepDefinition.StepDefinitionImpl.launchApplication(StepDefinitionImpl.java:30)
at sridharpolu.stepDefinition.StepDefinitionImpl.launchApplication(StepDefinitionImpl.java:30)
at sridharpolu.stepDefinition.StepDefinitionImpl.launchApplication(StepDefinitionImpl.java:30)
at sridharpolu.stepDefinition.StepDefinitionImpl.launchApplication(StepDefinitionImpl.java:30)
at sridharpolu.stepDefinition.StepDefinitionImpl.launchApplication(StepDefinitionImpl.java:30)
at sridharpolu.stepDefinition.StepDefinitionImpl.launchApplication(StepDefinitionImpl.java:30)
at sridharpolu.stepDefinition.StepDefinitionImpl.launchApplication(StepDefinitionImpl.java:30)
at sridharpolu.stepDefinition.StepDefinitionImpl.launchApplication(StepDefinitionImpl.java:30)
at sridharpolu.stepDefinition.StepDefinitionImpl.launchApplication(StepDefinitionImpl.java:30)
at sridharpolu.stepDefinition.StepDefinitionImpl.launchApplication(StepDefinitionImpl.java:30)
at sridharpolu.stepDefinition.StepDefinitionImpl.launchApplication(StepDefinitionImpl.java:30)
at sridharpolu.stepDefinition.StepDefinitionImpl.launchApplication(StepDefinitionImpl.java:30)
at sridharpolu.stepDefinition.StepDefinitionImpl.launchApplication(StepDefinitionImpl.java:30)
at sridharpolu.stepDefinition.StepDefinitionImpl.launchApplication(StepDefinitionImpl.java:30)
at sridharpolu.stepDefinition.StepDefinitionImpl.launchApplication(StepDefinitionImpl.java:30)
at sridharpolu.stepDefinition.StepDefinitionImpl.launchApplication(StepDefinitionImpl.java:30)
at sridharpolu.stepDefinition.StepDefinitionImpl.launchApplication(StepDefinitionImpl.java:30)
at sridharpolu.stepDefinition.StepDefinitionImpl.launchApplication(StepDefinitionImpl.java:30)
at sridharpolu.stepDefinition.StepDefinitionImpl.launchApplication(StepDefinitionImpl.java:30)
at sridharpolu.stepDefinition.StepDefinitionImpl.launchApplication(StepDefinitionImpl.java:30)
at sridharpolu.stepDefinition.StepDefinitionImpl.launchApplication(StepDefinitionImpl.java:30)
at sridharpolu.stepDefinition.StepDefinitionImpl.launchApplication(StepDefinitionImpl.java:30)
at sridharpolu.stepDefinition.StepDefinitionImpl.launchApplication(StepDefinitionImpl.java:30)
at sridharpolu.stepDefinition.StepDefinitionImpl.launchApplication(StepDefinitionImpl.java:30)
at sridharpolu.stepDefinition.StepDefinitionImpl.launchApplication(StepDefinitionImpl.java:30)
at sridharpolu.stepDefinition.StepDefinitionImpl.launchApplication(StepDefinitionImpl.java:30)
at sridharpolu.stepDefinition.StepDefinitionImpl.launchApplication(StepDefinitionImpl.java:30)
at sridharpolu.stepDefinition.StepDefinitionImpl.launchApplication(StepDefinitionImpl.java:30)
at sridharpolu.stepDefinition.StepDefinitionImpl.launchApplication(StepDefinitionImpl.java:30)
at sridharpolu.stepDefinition.StepDefinitionImpl.launchApplication(StepDefinitionImpl.java:30)
at sridharpolu.stepDefinition.StepDefinitionImpl.launchApplication(StepDefinitionImpl.java:30)
at sridharpolu.stepDefinition.StepDefinitionImpl.launchApplication(StepDefinitionImpl.java:30)
at sridharpolu.stepDefinition.StepDefinitionImpl.launchApplication(StepDefinitionImpl.java:30)
at sridharpolu.stepDefinition.StepDefinitionImpl.launchApplication(StepDefinitionImpl.java:30)
at sridharpolu.stepDefinition.StepDefinitionImpl.launchApplication(StepDefinitionImpl.java:30)
at sridharpolu.stepDefinition.StepDefinitionImpl.launchApplication(StepDefinitionImpl.java:30)
at sridharpolu.stepDefinition.StepDefinitionImpl.launchApplication(StepDefinitionImpl.java:30)
at sridharpolu.stepDefinition.StepDefinitionImpl.launchApplication(StepDefinitionImpl.java:30)
at sridharpolu.stepDefinition.StepDefinitionImpl.launchApplication(StepDefinitionImpl.java:30)
at sridharpolu.stepDefinition.StepDefinitionImpl.launchApplication(StepDefinitionImpl.java:30)
at sridharpolu.stepDefinition.StepDefinitionImpl.launchApplication(StepDefinitionImpl.java:30)
at sridharpolu.stepDefinition.StepDefinitionImpl.launchApplication(StepDefinitionImpl.java:30)
at sridharpolu.stepDefinition.StepDefinitionImpl.launchApplication(StepDefinitionImpl.java:30)
at sridharpolu.stepDefinition.StepDefinitionImpl.launchApplication(StepDefinitionImpl.java:30)
at sridharpolu.stepDefinition.StepDefinitionImpl.launchApplication(StepDefinitionImpl.java:30)
at sridharpolu.stepDefinition.StepDefinitionImpl.launchApplication(StepDefinitionImpl.java:30)
at sridharpolu.stepDefinition.StepDefinitionImpl.launchApplication(StepDefinitionImpl.java:30)
at sridharpolu.stepDefinition.StepDefinitionImpl.launchApplication(StepDefinitionImpl.java:30)
at sridharpolu.stepDefinition.StepDefinitionImpl.launchApplication(StepDefinitionImpl.java:30)
at sridharpolu.stepDefinition.StepDefinitionImpl.launchApplication(StepDefinitionImpl.java:30)
at sridharpolu.stepDefinition.StepDefinitionImpl.launchApplication(StepDefinitionImpl.java:30)
at sridharpolu.stepDefinition.StepDefinitionImpl.launchApplication(StepDefinitionImpl.java:30)
at sridharpolu.stepDefinition.StepDefinitionImpl.launchApplication(StepDefinitionImpl.java:30)
at sridharpolu.stepDefinition.StepDefinitionImpl.launchApplication(StepDefinitionImpl.java:30)
at sridharpolu.stepDefinition.StepDefinitionImpl.launchApplication(StepDefinitionImpl.java:30)
at sridharpolu.stepDefinition.StepDefinitionImpl.launchApplication(StepDefinitionImpl.java:30)
at sridharpolu.stepDefinition.StepDefinitionImpl.launchApplication(StepDefinitionImpl.java:30)
at sridharpolu.stepDefinition.StepDefinitionImpl.launchApplication(StepDefinitionImpl.java:30)
at sridharpolu.stepDefinition.StepDefinitionImpl.launchApplication(StepDefinitionImpl.java:30)
at sridharpolu.stepDefinition.StepDefinitionImpl.launchApplication(StepDefinitionImpl.java:30)
at sridharpolu.stepDefinition.StepDefinitionImpl.launchApplication(StepDefinitionImpl.java:30)
at sridharpolu.stepDefinition.StepDefinitionImpl.launchApplication(StepDefinitionImpl.java:30)
at sridharpolu.stepDefinition.StepDefinitionImpl.launchApplication(StepDefinitionImpl.java:30)
at sridharpolu.stepDefinition.StepDefinitionImpl.launchApplication(StepDefinitionImpl.java:30)
at sridharpolu.stepDefinition.StepDefinitionImpl.launchApplication(StepDefinitionImpl.java:30)
at sridharpolu.stepDefinition.StepDefinitionImpl.launchApplication(StepDefinitionImpl.java:30)
at sridharpolu.stepDefinition.StepDefinitionImpl.launchApplication(StepDefinitionImpl.java:30)
at sridharpolu.stepDefinition.StepDefinitionImpl.launchApplication(StepDefinitionImpl.java:30)
at sridharpolu.stepDefinition.StepDefinitionImpl.launchApplication(StepDefinitionImpl.java:30)
at sridharpolu.stepDefinition.StepDefinitionImpl.launchApplication(StepDefinitionImpl.java:30)
at sridharpolu.stepDefinition.StepDefinitionImpl.launchApplication(StepDefinitionImpl.java:30)
at sridharpolu.stepDefinition.StepDefinitionImpl.launchApplication(StepDefinitionImpl.java:30)
at sridharpolu.stepDefinition.StepDefinitionImpl.launchApplication(StepDefinitionImpl.java:30)
at sridharpolu.stepDefinition.StepDefinitionImpl.launchApplication(StepDefinitionImpl.java:30)
at sridharpolu.stepDefinition.StepDefinitionImpl.launchApplication(StepDefinitionImpl.java:30)
at sridharpolu.stepDefinition.StepDefinitionImpl.launchApplication(StepDefinitionImpl.java:30)
at sridharpolu.stepDefinition.StepDefinitionImpl.launchApplication(StepDefinitionImpl.java:30)
at sridharpolu.stepDefinition.StepDefinitionImpl.launchApplication(StepDefinitionImpl.java:30)
at sridharpolu.stepDefinition.StepDefinitionImpl.launchApplication(StepDefinitionImpl.java:30)
at sridharpolu.stepDefinition.StepDefinitionImpl.launchApplication(StepDefinitionImpl.java:30)
at sridharpolu.stepDefinition.StepDefinitionImpl.launchApplication(StepDefinitionImpl.java:30)
at sridharpolu.stepDefinition.StepDefinitionImpl.launchApplication(StepDefinitionImpl.java:30)
at sridharpolu.stepDefinition.StepDefinitionImpl.launchApplication(StepDefinitionImpl.java:30)
at sridharpolu.stepDefinition.StepDefinitionImpl.launchApplication(StepDefinitionImpl.java:30)
at sridharpolu.stepDefinition.StepDefinitionImpl.launchApplication(StepDefinitionImpl.java:30)
at sridharpolu.stepDefinition.StepDefinitionImpl.launchApplication(StepDefinitionImpl.java:30)
at sridharpolu.stepDefinition.StepDefinitionImpl.launchApplication(StepDefinitionImpl.java:30)
at sridharpolu.stepDefinition.StepDefinitionImpl.launchApplication(StepDefinitionImpl.java:30)
at sridharpolu.stepDefinition.StepDefinitionImpl.launchApplication(StepDefinitionImpl.java:30)
at sridharpolu.stepDefinition.StepDefinitionImpl.launchApplication(StepDefinitionImpl.java:30)
at sridharpolu.stepDefinition.StepDefinitionImpl.launchApplication(StepDefinitionImpl.java:30)
at sridharpolu.stepDefinition.StepDefinitionImpl.launchApplication(StepDefinitionImpl.java:30)
at sridharpolu.stepDefinition.StepDefinitionImpl.launchApplication(StepDefinitionImpl.java:30)
at sridharpolu.stepDefinition.StepDefinitionImpl.launchApplication(StepDefinitionImpl.java:30)
at sridharpolu.stepDefinition.StepDefinitionImpl.launchApplication(StepDefinitionImpl.java:30)
at sridharpolu.stepDefinition.StepDefinitionImpl.launchApplication(StepDefinitionImpl.java:30)
at sridharpolu.stepDefinition.StepDefinitionImpl.launchApplication(StepDefinitionImpl.java:30)
at sridharpolu.stepDefinition.StepDefinitionImpl.launchApplication(StepDefinitionImpl.java:30)
at sridharpolu.stepDefinition.StepDefinitionImpl.launchApplication(StepDefinitionImpl.java:30)
at sridharpolu.stepDefinition.StepDefinitionImpl.launchApplication(StepDefinitionImpl.java:30)
at sridharpolu.stepDefinition.StepDefinitionImpl.launchApplication(StepDefinitionImpl.java:30)
at sridharpolu.stepDefinition.StepDefinitionImpl.launchApplication(StepDefinitionImpl.java:30)
at sridharpolu.stepDefinition.StepDefinitionImpl.launchApplication(StepDefinitionImpl.java:30)
at sridharpolu.stepDefinition.StepDefinitionImpl.launchApplication(StepDefinitionImpl.java:30)
at sridharpolu.stepDefinition.StepDefinitionImpl.launchApplication(StepDefinitionImpl.java:30)
at sridharpolu.stepDefinition.StepDefinitionImpl.launchApplication(StepDefinitionImpl.java:30)
at sridharpolu.stepDefinition.StepDefinitionImpl.launchApplication(StepDefinitionImpl.java:30)
at sridharpolu.stepDefinition.StepDefinitionImpl.launchApplication(StepDefinitionImpl.java:30)
at sridharpolu.stepDefinition.StepDefinitionImpl.launchApplication(StepDefinitionImpl.java:30)
at sridharpolu.stepDefinition.StepDefinitionImpl.launchApplication(StepDefinitionImpl.java:30)
at sridharpolu.stepDefinition.StepDefinitionImpl.launchApplication(StepDefinitionImpl.java:30)
at sridharpolu.stepDefinition.StepDefinitionImpl.launchApplication(StepDefinitionImpl.java:30)
at sridharpolu.stepDefinition.StepDefinitionImpl.launchApplication(StepDefinitionImpl.java:30)
at sridharpolu.stepDefinition.StepDefinitionImpl.launchApplication(StepDefinitionImpl.java:30)
at sridharpolu.stepDefinition.StepDefinitionImpl.launchApplication(StepDefinitionImpl.java:30)
at sridharpolu.stepDefinition.StepDefinitionImpl.launchApplication(StepDefinitionImpl.java:30)
at sridharpolu.stepDefinition.StepDefinitionImpl.launchApplication(StepDefinitionImpl.java:30)
at sridharpolu.stepDefinition.StepDefinitionImpl.launchApplication(StepDefinitionImpl.java:30)
at sridharpolu.stepDefinition.StepDefinitionImpl.launchApplication(StepDefinitionImpl.java:30)
at sridharpolu.stepDefinition.StepDefinitionImpl.launchApplication(StepDefinitionImpl.java:30)
at sridharpolu.stepDefinition.StepDefinitionImpl.launchApplication(StepDefinitionImpl.java:30)
at sridharpolu.stepDefinition.StepDefinitionImpl.launchApplication(StepDefinitionImpl.java:30)
at sridharpolu.stepDefinition.StepDefinitionImpl.launchApplication(StepDefinitionImpl.java:30)
at sridharpolu.stepDefinition.StepDefinitionImpl.launchApplication(StepDefinitionImpl.java:30)
at sridharpolu.stepDefinition.StepDefinitionImpl.launchApplication(StepDefinitionImpl.java:30)
at sridharpolu.stepDefinition.StepDefinitionImpl.launchApplication(StepDefinitionImpl.java:30)
at sridharpolu.stepDefinition.StepDefinitionImpl.launchApplication(StepDefinitionImpl.java:30)
at sridharpolu.stepDefinition.StepDefinitionImpl.launchApplication(StepDefinitionImpl.java:30)
at sridharpolu.stepDefinition.StepDefinitionImpl.launchApplication(StepDefinitionImpl.java:30)
at sridharpolu.stepDefinition.StepDefinitionImpl.launchApplication(StepDefinitionImpl.java:30)
at sridharpolu.stepDefinition.StepDefinitionImpl.launchApplication(StepDefinitionImpl.java:30)
at sridharpolu.stepDefinition.StepDefinitionImpl.launchApplication(StepDefinitionImpl.java:30)
at sridharpolu.stepDefinition.StepDefinitionImpl.launchApplication(StepDefinitionImpl.java:30)
at sridharpolu.stepDefinition.StepDefinitionImpl.launchApplication(StepDefinitionImpl.java:30)
at sridharpolu.stepDefinition.StepDefinitionImpl.launchApplication(StepDefinitionImpl.java:30)
at sridharpolu.stepDefinition.StepDefinitionImpl.launchApplication(StepDefinitionImpl.java:30)
at sridharpolu.stepDefinition.StepDefinitionImpl.launchApplication(StepDefinitionImpl.java:30)
at sridharpolu.stepDefinition.StepDefinitionImpl.launchApplication(StepDefinitionImpl.java:30)
at sridharpolu.stepDefinition.StepDefinitionImpl.launchApplication(StepDefinitionImpl.java:30)
at sridharpolu.stepDefinition.StepDefinitionImpl.launchApplication(StepDefinitionImpl.java:30)
at sridharpolu.stepDefinition.StepDefinitionImpl.launchApplication(StepDefinitionImpl.java:30)
at sridharpolu.stepDefinition.StepDefinitionImpl.launchApplication(StepDefinitionImpl.java:30)
at sridharpolu.stepDefinition.StepDefinitionImpl.launchApplication(StepDefinitionImpl.java:30)
at sridharpolu.stepDefinition.StepDefinitionImpl.launchApplication(StepDefinitionImpl.java:30)
at sridharpolu.stepDefinition.StepDefinitionImpl.launchApplication(StepDefinitionImpl.java:30)
at sridharpolu.stepDefinition.StepDefinitionImpl.launchApplication(StepDefinitionImpl.java:30)
at sridharpolu.stepDefinition.StepDefinitionImpl.launchApplication(StepDefinitionImpl.java:30)
at sridharpolu.stepDefinition.StepDefinitionImpl.launchApplication(StepDefinitionImpl.java:30)
at sridharpolu.stepDefinition.StepDefinitionImpl.launchApplication(StepDefinitionImpl.java:30)
at sridharpolu.stepDefinition.StepDefinitionImpl.launchApplication(StepDefinitionImpl.java:30)
at sridharpolu.stepDefinition.StepDefinitionImpl.launchApplication(StepDefinitionImpl.java:30)
at sridharpolu.stepDefinition.StepDefinitionImpl.launchApplication(StepDefinitionImpl.java:30)
at sridharpolu.stepDefinition.StepDefinitionImpl.launchApplication(StepDefinitionImpl.java:30)
at sridharpolu.stepDefinition.StepDefinitionImpl.launchApplication(StepDefinitionImpl.java:30)
at sridharpolu.stepDefinition.StepDefinitionImpl.launchApplication(StepDefinitionImpl.java:30)
at sridharpolu.stepDefinition.StepDefinitionImpl.launchApplication(StepDefinitionImpl.java:30)
at sridharpolu.stepDefinition.StepDefinitionImpl.launchApplication(StepDefinitionImpl.java:30)
at sridharpolu.stepDefinition.StepDefinitionImpl.launchApplication(StepDefinitionImpl.java:30)
at sridharpolu.stepDefinition.StepDefinitionImpl.launchApplication(StepDefinitionImpl.java:30)
at sridharpolu.stepDefinition.StepDefinitionImpl.launchApplication(StepDefinitionImpl.java:30)
at sridharpolu.stepDefinition.StepDefinitionImpl.launchApplication(StepDefinitionImpl.java:30)
at sridharpolu.stepDefinition.StepDefinitionImpl.launchApplication(StepDefinitionImpl.java:30)
at sridharpolu.stepDefinition.StepDefinitionImpl.launchApplication(StepDefinitionImpl.java:30)
at sridharpolu.stepDefinition.StepDefinitionImpl.launchApplication(StepDefinitionImpl.java:30)
at sridharpolu.stepDefinition.StepDefinitionImpl.launchApplication(StepDefinitionImpl.java:30)
at sridharpolu.stepDefinition.StepDefinitionImpl.launchApplication(StepDefinitionImpl.java:30)
at sridharpolu.stepDefinition.StepDefinitionImpl.launchApplication(StepDefinitionImpl.java:30)
at sridharpolu.stepDefinition.StepDefinitionImpl.launchApplication(StepDefinitionImpl.java:30)
at sridharpolu.stepDefinition.StepDefinitionImpl.launchApplication(StepDefinitionImpl.java:30)
at sridharpolu.stepDefinition.StepDefinitionImpl.launchApplication(StepDefinitionImpl.java:30)
at sridharpolu.stepDefinition.StepDefinitionImpl.launchApplication(StepDefinitionImpl.java:30)
at sridharpolu.stepDefinition.StepDefinitionImpl.launchApplication(StepDefinitionImpl.java:30)
at sridharpolu.stepDefinition.StepDefinitionImpl.launchApplication(StepDefinitionImpl.java:30)
at sridharpolu.stepDefinition.StepDefinitionImpl.launchApplication(StepDefinitionImpl.java:30)
at sridharpolu.stepDefinition.StepDefinitionImpl.launchApplication(StepDefinitionImpl.java:30)
at sridharpolu.stepDefinition.StepDefinitionImpl.launchApplication(StepDefinitionImpl.java:30)
at sridharpolu.stepDefinition.StepDefinitionImpl.launchApplication(StepDefinitionImpl.java:30)
at sridharpolu.stepDefinition.StepDefinitionImpl.launchApplication(StepDefinitionImpl.java:30)
at sridharpolu.stepDefinition.StepDefinitionImpl.launchApplication(StepDefinitionImpl.java:30)
at sridharpolu.stepDefinition.StepDefinitionImpl.launchApplication(StepDefinitionImpl.java:30)
at sridharpolu.stepDefinition.StepDefinitionImpl.launchApplication(StepDefinitionImpl.java:30)
at sridharpolu.stepDefinition.StepDefinitionImpl.launchApplication(StepDefinitionImpl.java:30)
at sridharpolu.stepDefinition.StepDefinitionImpl.launchApplication(StepDefinitionImpl.java:30)
at sridharpolu.stepDefinition.StepDefinitionImpl.launchApplication(StepDefinitionImpl.java:30)
at sridharpolu.stepDefinition.StepDefinitionImpl.launchApplication(StepDefinitionImpl.java:30)
at sridharpolu.stepDefinition.StepDefinitionImpl.launchApplication(StepDefinitionImpl.java:30)
at sridharpolu.stepDefinition.StepDefinitionImpl.launchApplication(StepDefinitionImpl.java:30)
at sridharpolu.stepDefinition.StepDefinitionImpl.launchApplication(StepDefinitionImpl.java:30)
at sridharpolu.stepDefinition.StepDefinitionImpl.launchApplication(StepDefinitionImpl.java:30)
at sridharpolu.stepDefinition.StepDefinitionImpl.launchApplication(StepDefinitionImpl.java:30)
at sridharpolu.stepDefinition.StepDefinitionImpl.launchApplication(StepDefinitionImpl.java:30)
at sridharpolu.stepDefinition.StepDefinitionImpl.launchApplication(StepDefinitionImpl.java:30)
at sridharpolu.stepDefinition.StepDefinitionImpl.launchApplication(StepDefinitionImpl.java:30)
at sridharpolu.stepDefinition.StepDefinitionImpl.launchApplication(StepDefinitionImpl.java:30)
at sridharpolu.stepDefinition.StepDefinitionImpl.launchApplication(StepDefinitionImpl.java:30)
at sridharpolu.stepDefinition.StepDefinitionImpl.launchApplication(StepDefinitionImpl.java:30)
at sridharpolu.stepDefinition.StepDefinitionImpl.launchApplication(StepDefinitionImpl.java:30)
at sridharpolu.stepDefinition.StepDefinitionImpl.launchApplication(StepDefinitionImpl.java:30)
at sridharpolu.stepDefinition.StepDefinitionImpl.launchApplication(StepDefinitionImpl.java:30)
at sridharpolu.stepDefinition.StepDefinitionImpl.launchApplication(StepDefinitionImpl.java:30)
at sridharpolu.stepDefinition.StepDefinitionImpl.launchApplication(StepDefinitionImpl.java:30)
at sridharpolu.stepDefinition.StepDefinitionImpl.launchApplication(StepDefinitionImpl.java:30)
at sridharpolu.stepDefinition.StepDefinitionImpl.launchApplication(StepDefinitionImpl.java:30)
at sridharpolu.stepDefinition.StepDefinitionImpl.launchApplication(StepDefinitionImpl.java:30)
at sridharpolu.stepDefinition.StepDefinitionImpl.launchApplication(StepDefinitionImpl.java:30)
at sridharpolu.stepDefinition.StepDefinitionImpl.launchApplication(StepDefinitionImpl.java:30)
at sridharpolu.stepDefinition.StepDefinitionImpl.launchApplication(StepDefinitionImpl.java:30)
at sridharpolu.stepDefinition.StepDefinitionImpl.launchApplication(StepDefinitionImpl.java:30)
at sridharpolu.stepDefinition.StepDefinitionImpl.launchApplication(StepDefinitionImpl.java:30)
at sridharpolu.stepDefinition.StepDefinitionImpl.launchApplication(StepDefinitionImpl.java:30)
at sridharpolu.stepDefinition.StepDefinitionImpl.launchApplication(StepDefinitionImpl.java:30)
at sridharpolu.stepDefinition.StepDefinitionImpl.launchApplication(StepDefinitionImpl.java:30)
at sridharpolu.stepDefinition.StepDefinitionImpl.launchApplication(StepDefinitionImpl.java:30)
at sridharpolu.stepDefinition.StepDefinitionImpl.launchApplication(StepDefinitionImpl.java:30)
at sridharpolu.stepDefinition.StepDefinitionImpl.launchApplication(StepDefinitionImpl.java:30)
at sridharpolu.stepDefinition.StepDefinitionImpl.launchApplication(StepDefinitionImpl.java:30)
at sridharpolu.stepDefinition.StepDefinitionImpl.launchApplication(StepDefinitionImpl.java:30)
at sridharpolu.stepDefinition.StepDefinitionImpl.launchApplication(StepDefinitionImpl.java:30)
at sridharpolu.stepDefinition.StepDefinitionImpl.launchApplication(StepDefinitionImpl.java:30)
at sridharpolu.stepDefinition.StepDefinitionImpl.launchApplication(StepDefinitionImpl.java:30)
at sridharpolu.stepDefinition.StepDefinitionImpl.launchApplication(StepDefinitionImpl.java:30)
at sridharpolu.stepDefinition.StepDefinitionImpl.launchApplication(StepDefinitionImpl.java:30)
at sridharpolu.stepDefinition.StepDefinitionImpl.launchApplication(StepDefinitionImpl.java:30)
at sridharpolu.stepDefinition.StepDefinitionImpl.launchApplication(StepDefinitionImpl.java:30)
at sridharpolu.stepDefinition.StepDefinitionImpl.launchApplication(StepDefinitionImpl.java:30)
at sridharpolu.stepDefinition.StepDefinitionImpl.launchApplication(StepDefinitionImpl.java:30)
at sridharpolu.stepDefinition.StepDefinitionImpl.launchApplication(StepDefinitionImpl.java:30)
at sridharpolu.stepDefinition.StepDefinitionImpl.launchApplication(StepDefinitionImpl.java:30)
at sridharpolu.stepDefinition.StepDefinitionImpl.launchApplication(StepDefinitionImpl.java:30)
at sridharpolu.stepDefinition.StepDefinitionImpl.launchApplication(StepDefinitionImpl.java:30)
at sridharpolu.stepDefinition.StepDefinitionImpl.launchApplication(StepDefinitionImpl.java:30)
at sridharpolu.stepDefinition.StepDefinitionImpl.launchApplication(StepDefinitionImpl.java:30)
at sridharpolu.stepDefinition.StepDefinitionImpl.launchApplication(StepDefinitionImpl.java:30)
at sridharpolu.stepDefinition.StepDefinitionImpl.launchApplication(StepDefinitionImpl.java:30)
at sridharpolu.stepDefinition.StepDefinitionImpl.launchApplication(StepDefinitionImpl.java:30)
at sridharpolu.stepDefinition.StepDefinitionImpl.launchApplication(StepDefinitionImpl.java:30)
at sridharpolu.stepDefinition.StepDefinitionImpl.launchApplication(StepDefinitionImpl.java:30)
at sridharpolu.stepDefinition.StepDefinitionImpl.launchApplication(StepDefinitionImpl.java:30)
at sridharpolu.stepDefinition.StepDefinitionImpl.launchApplication(StepDefinitionImpl.java:30)
at sridharpolu.stepDefinition.StepDefinitionImpl.launchApplication(StepDefinitionImpl.java:30)
at sridharpolu.stepDefinition.StepDefinitionImpl.launchApplication(StepDefinitionImpl.java:30)
at sridharpolu.stepDefinition.StepDefinitionImpl.launchApplication(StepDefinitionImpl.java:30)
at sridharpolu.stepDefinition.StepDefinitionImpl.launchApplication(StepDefinitionImpl.java:30)
at sridharpolu.stepDefinition.StepDefinitionImpl.launchApplication(StepDefinitionImpl.java:30)
at sridharpolu.stepDefinition.StepDefinitionImpl.launchApplication(StepDefinitionImpl.java:30)
at sridharpolu.stepDefinition.StepDefinitionImpl.launchApplication(StepDefinitionImpl.java:30)
at sridharpolu.stepDefinition.StepDefinitionImpl.launchApplication(StepDefinitionImpl.java:30)
at sridharpolu.stepDefinition.StepDefinitionImpl.launchApplication(StepDefinitionImpl.java:30)
at sridharpolu.stepDefinition.StepDefinitionImpl.launchApplication(StepDefinitionImpl.java:30)
at sridharpolu.stepDefinition.StepDefinitionImpl.launchApplication(StepDefinitionImpl.java:30)
at sridharpolu.stepDefinition.StepDefinitionImpl.launchApplication(StepDefinitionImpl.java:30)
at sridharpolu.stepDefinition.StepDefinitionImpl.launchApplication(StepDefinitionImpl.java:30)
at sridharpolu.stepDefinition.StepDefinitionImpl.launchApplication(StepDefinitionImpl.java:30)
at sridharpolu.stepDefinition.StepDefinitionImpl.launchApplication(StepDefinitionImpl.java:30)
at sridharpolu.stepDefinition.StepDefinitionImpl.launchApplication(StepDefinitionImpl.java:30)
at sridharpolu.stepDefinition.StepDefinitionImpl.launchApplication(StepDefinitionImpl.java:30)
at sridharpolu.stepDefinition.StepDefinitionImpl.launchApplication(StepDefinitionImpl.java:30)
at sridharpolu.stepDefinition.StepDefinitionImpl.launchApplication(StepDefinitionImpl.java:30)
at sridharpolu.stepDefinition.StepDefinitionImpl.launchApplication(StepDefinitionImpl.java:30)
at sridharpolu.stepDefinition.StepDefinitionImpl.launchApplication(StepDefinitionImpl.java:30)
at sridharpolu.stepDefinition.StepDefinitionImpl.launchApplication(StepDefinitionImpl.java:30)
at sridharpolu.stepDefinition.StepDefinitionImpl.launchApplication(StepDefinitionImpl.java:30)
at sridharpolu.stepDefinition.StepDefinitionImpl.launchApplication(StepDefinitionImpl.java:30)
at sridharpolu.stepDefinition.StepDefinitionImpl.launchApplication(StepDefinitionImpl.java:30)
at sridharpolu.stepDefinition.StepDefinitionImpl.launchApplication(StepDefinitionImpl.java:30)
at sridharpolu.stepDefinition.StepDefinitionImpl.launchApplication(StepDefinitionImpl.java:30)
at sridharpolu.stepDefinition.StepDefinitionImpl.launchApplication(StepDefinitionImpl.java:30)
at sridharpolu.stepDefinition.StepDefinitionImpl.launchApplication(StepDefinitionImpl.java:30)
at sridharpolu.stepDefinition.StepDefinitionImpl.launchApplication(StepDefinitionImpl.java:30)
at sridharpolu.stepDefinition.StepDefinitionImpl.launchApplication(StepDefinitionImpl.java:30)
at sridharpolu.stepDefinition.StepDefinitionImpl.launchApplication(StepDefinitionImpl.java:30)
at sridharpolu.stepDefinition.StepDefinitionImpl.launchApplication(StepDefinitionImpl.java:30)
at sridharpolu.stepDefinition.StepDefinitionImpl.launchApplication(StepDefinitionImpl.java:30)
at sridharpolu.stepDefinition.StepDefinitionImpl.launchApplication(StepDefinitionImpl.java:30)
at sridharpolu.stepDefinition.StepDefinitionImpl.launchApplication(StepDefinitionImpl.java:30)
at sridharpolu.stepDefinition.StepDefinitionImpl.launchApplication(StepDefinitionImpl.java:30)
at sridharpolu.stepDefinition.StepDefinitionImpl.launchApplication(StepDefinitionImpl.java:30)
at sridharpolu.stepDefinition.StepDefinitionImpl.launchApplication(StepDefinitionImpl.java:30)
at sridharpolu.stepDefinition.StepDefinitionImpl.launchApplication(StepDefinitionImpl.java:30)
at sridharpolu.stepDefinition.StepDefinitionImpl.launchApplication(StepDefinitionImpl.java:30)
at sridharpolu.stepDefinition.StepDefinitionImpl.launchApplication(StepDefinitionImpl.java:30)
at sridharpolu.stepDefinition.StepDefinitionImpl.launchApplication(StepDefinitionImpl.java:30)
at sridharpolu.stepDefinition.StepDefinitionImpl.launchApplication(StepDefinitionImpl.java:30)
at sridharpolu.stepDefinition.StepDefinitionImpl.launchApplication(StepDefinitionImpl.java:30)
at sridharpolu.stepDefinition.StepDefinitionImpl.launchApplication(StepDefinitionImpl.java:30)
at sridharpolu.stepDefinition.StepDefinitionImpl.launchApplication(StepDefinitionImpl.java:30)
at sridharpolu.stepDefinition.StepDefinitionImpl.launchApplication(StepDefinitionImpl.java:30)
at sridharpolu.stepDefinition.StepDefinitionImpl.launchApplication(StepDefinitionImpl.java:30)
at sridharpolu.stepDefinition.StepDefinitionImpl.launchApplication(StepDefinitionImpl.java:30)
at sridharpolu.stepDefinition.StepDefinitionImpl.launchApplication(StepDefinitionImpl.java:30)
at sridharpolu.stepDefinition.StepDefinitionImpl.launchApplication(StepDefinitionImpl.java:30)
at sridharpolu.stepDefinition.StepDefinitionImpl.launchApplication(StepDefinitionImpl.java:30)
at sridharpolu.stepDefinition.StepDefinitionImpl.launchApplication(StepDefinitionImpl.java:30)
at sridharpolu.stepDefinition.StepDefinitionImpl.launchApplication(StepDefinitionImpl.java:30)
at sridharpolu.stepDefinition.StepDefinitionImpl.launchApplication(StepDefinitionImpl.java:30)
at sridharpolu.stepDefinition.StepDefinitionImpl.launchApplication(StepDefinitionImpl.java:30)
at sridharpolu.stepDefinition.StepDefinitionImpl.launchApplication(StepDefinitionImpl.java:30)
at sridharpolu.stepDefinition.StepDefinitionImpl.launchApplication(StepDefinitionImpl.java:30)
at sridharpolu.stepDefinition.StepDefinitionImpl.launchApplication(StepDefinitionImpl.java:30)
at sridharpolu.stepDefinition.StepDefinitionImpl.launchApplication(StepDefinitionImpl.java:30)
at sridharpolu.stepDefinition.StepDefinitionImpl.launchApplication(StepDefinitionImpl.java:30)
at sridharpolu.stepDefinition.StepDefinitionImpl.launchApplication(StepDefinitionImpl.java:30)
at sridharpolu.stepDefinition.StepDefinitionImpl.launchApplication(StepDefinitionImpl.java:30)
at sridharpolu.stepDefinition.StepDefinitionImpl.launchApplication(StepDefinitionImpl.java:30)
at sridharpolu.stepDefinition.StepDefinitionImpl.launchApplication(StepDefinitionImpl.java:30)
at sridharpolu.stepDefinition.StepDefinitionImpl.launchApplication(StepDefinitionImpl.java:30)
at sridharpolu.stepDefinition.StepDefinitionImpl.launchApplication(StepDefinitionImpl.java:30)
at sridharpolu.stepDefinition.StepDefinitionImpl.launchApplication(StepDefinitionImpl.java:30)
at sridharpolu.stepDefinition.StepDefinitionImpl.launchApplication(StepDefinitionImpl.java:30)
at sridharpolu.stepDefinition.StepDefinitionImpl.launchApplication(StepDefinitionImpl.java:30)
at sridharpolu.stepDefinition.StepDefinitionImpl.launchApplication(StepDefinitionImpl.java:30)
at sridharpolu.stepDefinition.StepDefinitionImpl.launchApplication(StepDefinitionImpl.java:30)
at sridharpolu.stepDefinition.StepDefinitionImpl.launchApplication(StepDefinitionImpl.java:30)
at sridharpolu.stepDefinition.StepDefinitionImpl.launchApplication(StepDefinitionImpl.java:30)
at sridharpolu.stepDefinition.StepDefinitionImpl.launchApplication(StepDefinitionImpl.java:30)
at sridharpolu.stepDefinition.StepDefinitionImpl.launchApplication(StepDefinitionImpl.java:30)
at sridharpolu.stepDefinition.StepDefinitionImpl.launchApplication(StepDefinitionImpl.java:30)
at sridharpolu.stepDefinition.StepDefinitionImpl.launchApplication(StepDefinitionImpl.java:30)
at sridharpolu.stepDefinition.StepDefinitionImpl.launchApplication(StepDefinitionImpl.java:30)
at sridharpolu.stepDefinition.StepDefinitionImpl.launchApplication(StepDefinitionImpl.java:30)
at sridharpolu.stepDefinition.StepDefinitionImpl.launchApplication(StepDefinitionImpl.java:30)
at sridharpolu.stepDefinition.StepDefinitionImpl.launchApplication(StepDefinitionImpl.java:30)
at sridharpolu.stepDefinition.StepDefinitionImpl.launchApplication(StepDefinitionImpl.java:30)
at sridharpolu.stepDefinition.StepDefinitionImpl.launchApplication(StepDefinitionImpl.java:30)
at sridharpolu.stepDefinition.StepDefinitionImpl.launchApplication(StepDefinitionImpl.java:30)
at sridharpolu.stepDefinition.StepDefinitionImpl.launchApplication(StepDefinitionImpl.java:30)
at sridharpolu.stepDefinition.StepDefinitionImpl.launchApplication(StepDefinitionImpl.java:30)
at sridharpolu.stepDefinition.StepDefinitionImpl.launchApplication(StepDefinitionImpl.java:30)
at sridharpolu.stepDefinition.StepDefinitionImpl.launchApplication(StepDefinitionImpl.java:30)
at sridharpolu.stepDefinition.StepDefinitionImpl.launchApplication(StepDefinitionImpl.java:30)
at sridharpolu.stepDefinition.StepDefinitionImpl.launchApplication(StepDefinitionImpl.java:30)
at sridharpolu.stepDefinition.StepDefinitionImpl.launchApplication(StepDefinitionImpl.java:30)
at sridharpolu.stepDefinition.StepDefinitionImpl.launchApplication(StepDefinitionImpl.java:30)
at sridharpolu.stepDefinition.StepDefinitionImpl.launchApplication(StepDefinitionImpl.java:30)
at sridharpolu.stepDefinition.StepDefinitionImpl.launchApplication(StepDefinitionImpl.java:30)
at sridharpolu.stepDefinition.StepDefinitionImpl.launchApplication(StepDefinitionImpl.java:30)
at sridharpolu.stepDefinition.StepDefinitionImpl.launchApplication(StepDefinitionImpl.java:30)
at sridharpolu.stepDefinition.StepDefinitionImpl.launchApplication(StepDefinitionImpl.java:30)
at sridharpolu.stepDefinition.StepDefinitionImpl.launchApplication(StepDefinitionImpl.java:30)
at sridharpolu.stepDefinition.StepDefinitionImpl.launchApplication(StepDefinitionImpl.java:30)
at sridharpolu.stepDefinition.StepDefinitionImpl.launchApplication(StepDefinitionImpl.java:30)
at sridharpolu.stepDefinition.StepDefinitionImpl.launchApplication(StepDefinitionImpl.java:30)
at sridharpolu.stepDefinition.StepDefinitionImpl.launchApplication(StepDefinitionImpl.java:30)
at sridharpolu.stepDefinition.StepDefinitionImpl.launchApplication(StepDefinitionImpl.java:30)
at sridharpolu.stepDefinition.StepDefinitionImpl.launchApplication(StepDefinitionImpl.java:30)
at sridharpolu.stepDefinition.StepDefinitionImpl.launchApplication(StepDefinitionImpl.java:30)
at sridharpolu.stepDefinition.StepDefinitionImpl.launchApplication(StepDefinitionImpl.java:30)
at sridharpolu.stepDefinition.StepDefinitionImpl.launchApplication(StepDefinitionImpl.java:30)
at sridharpolu.stepDefinition.StepDefinitionImpl.launchApplication(StepDefinitionImpl.java:30)
at sridharpolu.stepDefinition.StepDefinitionImpl.launchApplication(StepDefinitionImpl.java:30)
at sridharpolu.stepDefinition.StepDefinitionImpl.launchApplication(StepDefinitionImpl.java:30)
at sridharpolu.stepDefinition.StepDefinitionImpl.launchApplication(StepDefinitionImpl.java:30)
at sridharpolu.stepDefinition.StepDefinitionImpl.launchApplication(StepDefinitionImpl.java:30)
at sridharpolu.stepDefinition.StepDefinitionImpl.launchApplication(StepDefinitionImpl.java:30)
at sridharpolu.stepDefinition.StepDefinitionImpl.launchApplication(StepDefinitionImpl.java:30)
at sridharpolu.stepDefinition.StepDefinitionImpl.launchApplication(StepDefinitionImpl.java:30)
at sridharpolu.stepDefinition.StepDefinitionImpl.launchApplication(StepDefinitionImpl.java:30)
at sridharpolu.stepDefinition.StepDefinitionImpl.launchApplication(StepDefinitionImpl.java:30)
at sridharpolu.stepDefinition.StepDefinitionImpl.launchApplication(StepDefinitionImpl.java:30)
at sridharpolu.stepDefinition.StepDefinitionImpl.launchApplication(StepDefinitionImpl.java:30)
at sridharpolu.stepDefinition.StepDefinitionImpl.launchApplication(StepDefinitionImpl.java:30)
at sridharpolu.stepDefinition.StepDefinitionImpl.launchApplication(StepDefinitionImpl.java:30)
at sridharpolu.stepDefinition.StepDefinitionImpl.launchApplication(StepDefinitionImpl.java:30)
at sridharpolu.stepDefinition.StepDefinitionImpl.launchApplication(StepDefinitionImpl.java:30)
at sridharpolu.stepDefinition.StepDefinitionImpl.launchApplication(StepDefinitionImpl.java:30)
at sridharpolu.stepDefinition.StepDefinitionImpl.launchApplication(StepDefinitionImpl.java:30)
at sridharpolu.stepDefinition.StepDefinitionImpl.launchApplication(StepDefinitionImpl.java:30)
at sridharpolu.stepDefinition.StepDefinitionImpl.launchApplication(StepDefinitionImpl.java:30)
at sridharpolu.stepDefinition.StepDefinitionImpl.launchApplication(StepDefinitionImpl.java:30)
at sridharpolu.stepDefinition.StepDefinitionImpl.launchApplication(StepDefinitionImpl.java:30)
at sridharpolu.stepDefinition.StepDefinitionImpl.launchApplication(StepDefinitionImpl.java:30)
at sridharpolu.stepDefinition.StepDefinitionImpl.launchApplication(StepDefinitionImpl.java:30)
at sridharpolu.stepDefinition.StepDefinitionImpl.launchApplication(StepDefinitionImpl.java:30)
at sridharpolu.stepDefinition.StepDefinitionImpl.launchApplication(StepDefinitionImpl.java:30)
at sridharpolu.stepDefinition.StepDefinitionImpl.launchApplication(StepDefinitionImpl.java:30)
at sridharpolu.stepDefinition.StepDefinitionImpl.launchApplication(StepDefinitionImpl.java:30)
at sridharpolu.stepDefinition.StepDefinitionImpl.launchApplication(StepDefinitionImpl.java:30)
at sridharpolu.stepDefinition.StepDefinitionImpl.launchApplication(StepDefinitionImpl.java:30)
at sridharpolu.stepDefinition.StepDefinitionImpl.launchApplication(StepDefinitionImpl.java:30)
at sridharpolu.stepDefinition.StepDefinitionImpl.launchApplication(StepDefinitionImpl.java:30)
at sridharpolu.stepDefinition.StepDefinitionImpl.launchApplication(StepDefinitionImpl.java:30)
at sridharpolu.stepDefinition.StepDefinitionImpl.launchApplication(StepDefinitionImpl.java:30)
at sridharpolu.stepDefinition.StepDefinitionImpl.launchApplication(StepDefinitionImpl.java:30)
at sridharpolu.stepDefinition.StepDefinitionImpl.launchApplication(StepDefinitionImpl.java:30)
at sridharpolu.stepDefinition.StepDefinitionImpl.launchApplication(StepDefinitionImpl.java:30)
at sridharpolu.stepDefinition.StepDefinitionImpl.launchApplication(StepDefinitionImpl.java:30)
at sridharpolu.stepDefinition.StepDefinitionImpl.launchApplication(StepDefinitionImpl.java:30)
at sridharpolu.stepDefinition.StepDefinitionImpl.launchApplication(StepDefinitionImpl.java:30)
at sridharpolu.stepDefinition.StepDefinitionImpl.launchApplication(StepDefinitionImpl.java:30)
at sridharpolu.stepDefinition.StepDefinitionImpl.launchApplication(StepDefinitionImpl.java:30)
at sridharpolu.stepDefinition.StepDefinitionImpl.launchApplication(StepDefinitionImpl.java:30)
at sridharpolu.stepDefinition.StepDefinitionImpl.launchApplication(StepDefinitionImpl.java:30)
at sridharpolu.stepDefinition.StepDefinitionImpl.launchApplication(StepDefinitionImpl.java:30)
at sridharpolu.stepDefinition.StepDefinitionImpl.launchApplication(StepDefinitionImpl.java:30)
at sridharpolu.stepDefinition.StepDefinitionImpl.launchApplication(StepDefinitionImpl.java:30)
at sridharpolu.stepDefinition.StepDefinitionImpl.launchApplication(StepDefinitionImpl.java:30)
at sridharpolu.stepDefinition.StepDefinitionImpl.launchApplication(StepDefinitionImpl.java:30)
at sridharpolu.stepDefinition.StepDefinitionImpl.launchApplication(StepDefinitionImpl.java:30)
at sridharpolu.stepDefinition.StepDefinitionImpl.launchApplication(StepDefinitionImpl.java:30)
at sridharpolu.stepDefinition.StepDefinitionImpl.launchApplication(StepDefinitionImpl.java:30)
at sridharpolu.stepDefinition.StepDefinitionImpl.launchApplication(StepDefinitionImpl.java:30)
at sridharpolu.stepDefinition.StepDefinitionImpl.launchApplication(StepDefinitionImpl.java:30)
at sridharpolu.stepDefinition.StepDefinitionImpl.launchApplication(StepDefinitionImpl.java:30)
at sridharpolu.stepDefinition.StepDefinitionImpl.launchApplication(StepDefinitionImpl.java:30)
at sridharpolu.stepDefinition.StepDefinitionImpl.launchApplication(StepDefinitionImpl.java:30)
at sridharpolu.stepDefinition.StepDefinitionImpl.launchApplication(StepDefinitionImpl.java:30)
at sridharpolu.stepDefinition.StepDefinitionImpl.launchApplication(StepDefinitionImpl.java:30)
at sridharpolu.stepDefinition.StepDefinitionImpl.launchApplication(StepDefinitionImpl.java:30)
at sridharpolu.stepDefinition.StepDefinitionImpl.launchApplication(StepDefinitionImpl.java:30)
at sridharpolu.stepDefinition.StepDefinitionImpl.launchApplication(StepDefinitionImpl.java:30)
at sridharpolu.stepDefinition.StepDefinitionImpl.launchApplication(StepDefinitionImpl.java:30)
at sridharpolu.stepDefinition.StepDefinitionImpl.launchApplication(StepDefinitionImpl.java:30)
at sridharpolu.stepDefinition.StepDefinitionImpl.launchApplication(StepDefinitionImpl.java:30)
at sridharpolu.stepDefinition.StepDefinitionImpl.launchApplication(StepDefinitionImpl.java:30)
at sridharpolu.stepDefinition.StepDefinitionImpl.launchApplication(StepDefinitionImpl.java:30)
at sridharpolu.stepDefinition.StepDefinitionImpl.launchApplication(StepDefinitionImpl.java:30)
at sridharpolu.stepDefinition.StepDefinitionImpl.launchApplication(StepDefinitionImpl.java:30)
at sridharpolu.stepDefinition.StepDefinitionImpl.launchApplication(StepDefinitionImpl.java:30)
at sridharpolu.stepDefinition.StepDefinitionImpl.launchApplication(StepDefinitionImpl.java:30)
at sridharpolu.stepDefinition.StepDefinitionImpl.launchApplication(StepDefinitionImpl.java:30)
at sridharpolu.stepDefinition.StepDefinitionImpl.launchApplication(StepDefinitionImpl.java:30)
at sridharpolu.stepDefinition.StepDefinitionImpl.launchApplication(StepDefinitionImpl.java:30)
at sridharpolu.stepDefinition.StepDefinitionImpl.launchApplication(StepDefinitionImpl.java:30)
at sridharpolu.stepDefinition.StepDefinitionImpl.launchApplication(StepDefinitionImpl.java:30)
at sridharpolu.stepDefinition.StepDefinitionImpl.launchApplication(StepDefinitionImpl.java:30)
at sridharpolu.stepDefinition.StepDefinitionImpl.launchApplication(StepDefinitionImpl.java:30)
at sridharpolu.stepDefinition.StepDefinitionImpl.launchApplication(StepDefinitionImpl.java:30)
at sridharpolu.stepDefinition.StepDefinitionImpl.launchApplication(StepDefinitionImpl.java:30)
at ✽.I landed on Ecommerce Page(file:///C:/Eclipse/TestNGPageObject/src/test/java/cucumber/SubmitOrder.feature:7)
]]>
    </error>
  </testcase> <!-- runScenario -->
</testsuite> <!-- cucumber.TestNGTestRunner -->
